Using pre-set license
Built from '2022.1/staging' branch; Version is '2022.1.15f1 (42973686a05c) revision 4364086'; Using compiler version '192829333'; Build Type 'Release'
OS: 'Windows 10  (10.0.19045) 64bit Core' Language: 'en' Physical Memory: 16215 MB
BatchMode: 1, IsHumanControllingUs: 0, StartBugReporterOnCrash: 0, Is64bit: 1, IsPro: 1

COMMAND LINE ARGUMENTS:
C:\Program Files\Unity\Hub\Editor\2022.1.15f1\Editor\Unity.exe
-adb2
-batchMode
-noUpm
-name
AssetImportWorker3
-projectPath
C:/Users/markt/Unity Games/DES 304 Light Gun Game/Light-Gun-Game
-logFile
Logs/AssetImportWorker3.log
-srvPort
58767
Successfully changed project path to: C:/Users/markt/Unity Games/DES 304 Light Gun Game/Light-Gun-Game
C:/Users/markt/Unity Games/DES 304 Light Gun Game/Light-Gun-Game
[UnityMemory] Configuration Parameters - Can be set up in boot.config
    "memorysetup-bucket-allocator-granularity=16"
    "memorysetup-bucket-allocator-bucket-count=8"
    "memorysetup-bucket-allocator-block-size=33554432"
    "memorysetup-bucket-allocator-block-count=8"
    "memorysetup-main-allocator-block-size=16777216"
    "memorysetup-thread-allocator-block-size=16777216"
    "memorysetup-gfx-main-allocator-block-size=16777216"
    "memorysetup-gfx-thread-allocator-block-size=16777216"
    "memorysetup-cache-allocator-block-size=4194304"
    "memorysetup-typetree-allocator-block-size=2097152"
    "memorysetup-profiler-bucket-allocator-granularity=16"
    "memorysetup-profiler-bucket-allocator-bucket-count=8"
    "memorysetup-profiler-bucket-allocator-block-size=33554432"
    "memorysetup-profiler-bucket-allocator-block-count=8"
    "memorysetup-profiler-allocator-block-size=16777216"
    "memorysetup-profiler-editor-allocator-block-size=1048576"
    "memorysetup-temp-allocator-size-main=16777216"
    "memorysetup-job-temp-allocator-block-size=2097152"
    "memorysetup-job-temp-allocator-block-size-background=1048576"
    "memorysetup-job-temp-allocator-reduction-small-platforms=262144"
    "memorysetup-temp-allocator-size-background-worker=32768"
    "memorysetup-temp-allocator-size-job-worker=262144"
    "memorysetup-temp-allocator-size-preload-manager=33554432"
    "memorysetup-temp-allocator-size-nav-mesh-worker=65536"
    "memorysetup-temp-allocator-size-audio-worker=65536"
    "memorysetup-temp-allocator-size-cloud-worker=32768"
    "memorysetup-temp-allocator-size-gi-baking-worker=262144"
    "memorysetup-temp-allocator-size-gfx=262144"
Refreshing native plugins compatible for Editor in 110.65 ms, found 1 plugins.
Preloading 0 native plugins for Editor in 0.00 ms.
Initialize engine version: 2022.1.15f1 (42973686a05c)
[Subsystems] Discovering subsystems at path C:/Program Files/Unity/Hub/Editor/2022.1.15f1/Editor/Data/Resources/UnitySubsystems
[Subsystems] Discovering subsystems at path C:/Users/markt/Unity Games/DES 304 Light Gun Game/Light-Gun-Game/Assets
GfxDevice: creating device client; threaded=0; jobified=0
Direct3D:
    Version:  Direct3D 11.0 [level 11.1]
    Renderer: NVIDIA GeForce RTX 2070 with Max-Q Design (ID=0x1f14)
    Vendor:   NVIDIA
    VRAM:     8006 MB
    Driver:   32.0.15.6636
Initialize mono
Mono path[0] = 'C:/Program Files/Unity/Hub/Editor/2022.1.15f1/Editor/Data/Managed'
Mono path[1] = 'C:/Program Files/Unity/Hub/Editor/2022.1.15f1/Editor/Data/MonoBleedingEdge/lib/mono/unityjit-win32'
Mono config path = 'C:/Program Files/Unity/Hub/Editor/2022.1.15f1/Editor/Data/MonoBleedingEdge/etc'
Using monoOptions --debugger-agent=transport=dt_socket,embedding=1,server=y,suspend=n,address=127.0.0.1:56124
Begin MonoManager ReloadAssembly
Registering precompiled unity dll's ...
Register platform support module: C:/Program Files/Unity/Hub/Editor/2022.1.15f1/Editor/Data/PlaybackEngines/WindowsStandaloneSupport/UnityEditor.WindowsStandalone.Extensions.dll
Registered in 0.019586 seconds.
Native extension for WindowsStandalone target not found
Refreshing native plugins compatible for Editor in 118.44 ms, found 1 plugins.
Preloading 0 native plugins for Editor in 0.00 ms.
Mono: successfully reloaded assembly
- Completed reload, in  1.143 seconds
Domain Reload Profiling:
	ReloadAssembly (1145ms)
		BeginReloadAssembly (151ms)
			ExecutionOrderSort (0ms)
			DisableScriptedObjects (0ms)
			BackupInstance (0ms)
			ReleaseScriptingObjects (0ms)
			CreateAndSetChildDomain (1ms)
		EndReloadAssembly (772ms)
			LoadAssemblies (147ms)
			RebuildTransferFunctionScriptingTraits (0ms)
			SetupTypeCache (193ms)
				TypeCache.Initialize (192ms)
					TypeCache.ScanAssembly (190ms)
				ResolveRequiredComponents (1ms)
			ReleaseScriptCaches (0ms)
			RebuildScriptCaches (56ms)
			SetupLoadedEditorAssemblies (425ms)
				LogAssemblyErrors (0ms)
				InitializePlatformSupportModulesInManaged (13ms)
				SetLoadedEditorAssemblies (16ms)
				RefreshPlugins (119ms)
				BeforeProcessingInitializeOnLoad (3ms)
				ProcessInitializeOnLoadAttributes (204ms)
				ProcessInitializeOnLoadMethodAttributes (70ms)
				AfterProcessingInitializeOnLoad (0ms)
				EditorAssembliesLoaded (0ms)
			ExecutionOrderSort2 (0ms)
			AwakeInstancesAfterBackupRestoration (0ms)
Platform modules already initialized, skipping
Registering precompiled user dll's ...
Registered in 0.006385 seconds.
Begin MonoManager ReloadAssembly
Symbol file LoadedFromMemory doesn't match image C:\Users\markt\Unity Games\DES 304 Light Gun Game\Light-Gun-Game\Library\PackageCache\com.unity.visualscripting@1.7.8\Editor\VisualScripting.Core\Dependencies\YamlDotNet\Unity.VisualScripting.YamlDotNet.dll
Symbol file LoadedFromMemory doesn't match image C:\Users\markt\Unity Games\DES 304 Light Gun Game\Light-Gun-Game\Library\PackageCache\com.unity.visualscripting@1.7.8\Editor\VisualScripting.Core\Dependencies\DotNetZip\Unity.VisualScripting.IonicZip.dll
Native extension for WindowsStandalone target not found
Refreshing native plugins compatible for Editor in 0.75 ms, found 1 plugins.
Preloading 0 native plugins for Editor in 0.00 ms.
Mono: successfully reloaded assembly
- Completed reload, in  1.381 seconds
Domain Reload Profiling:
	ReloadAssembly (1382ms)
		BeginReloadAssembly (211ms)
			ExecutionOrderSort (0ms)
			DisableScriptedObjects (6ms)
			BackupInstance (0ms)
			ReleaseScriptingObjects (0ms)
			CreateAndSetChildDomain (32ms)
		EndReloadAssembly (941ms)
			LoadAssemblies (169ms)
			RebuildTransferFunctionScriptingTraits (0ms)
			SetupTypeCache (366ms)
				TypeCache.Initialize (361ms)
					TypeCache.ScanAssembly (357ms)
				ResolveRequiredComponents (5ms)
			ReleaseScriptCaches (1ms)
			RebuildScriptCaches (57ms)
			SetupLoadedEditorAssemblies (336ms)
				LogAssemblyErrors (0ms)
				InitializePlatformSupportModulesInManaged (8ms)
				SetLoadedEditorAssemblies (10ms)
				RefreshPlugins (1ms)
				BeforeProcessingInitializeOnLoad (108ms)
				ProcessInitializeOnLoadAttributes (172ms)
				ProcessInitializeOnLoadMethodAttributes (23ms)
				AfterProcessingInitializeOnLoad (13ms)
				EditorAssembliesLoaded (0ms)
			ExecutionOrderSort2 (0ms)
			AwakeInstancesAfterBackupRestoration (7ms)
Platform modules already initialized, skipping
========================================================================
Worker process is ready to serve import requests
Launched and connected shader compiler UnityShaderCompiler.exe after 0.07 seconds
Refreshing native plugins compatible for Editor in 0.68 ms, found 1 plugins.
Preloading 0 native plugins for Editor in 0.00 ms.
Unloading 2902 Unused Serialized files (Serialized files now loaded: 0)
Unloading 28 unused Assets / (1.3 MB). Loaded Objects now: 3370.
Memory consumption went from 0.52 GB to 0.52 GB.
Total: 4.481600 ms (FindLiveObjects: 0.326500 ms CreateObjectMapping: 0.412100 ms MarkObjects: 3.370400 ms  DeleteObjects: 0.371600 ms)

AssetImportParameters requested are different than current active one (requested -> active):
  custom:video-decoder-ogg-theora: a1e56fd34408186e4bbccfd4996cb3dc -> 
  custom:container-muxer-webm: aa71ff27fc2769a1b78a27578f13a17b -> 
  custom:container-demuxer-webm: 4f35f7cbe854078d1ac9338744f61a02 -> 
  custom:video-encoder-webm-vp8: eb34c28f22e8b96e1ab97ce403110664 -> 
  custom:audio-encoder-webm-vorbis: bf7c407c2cedff20999df2af8eb42d56 -> 
  custom:framework-win-MediaFoundation: 216162199b28c13a410421893ffa2e32 -> 
  custom:container-demuxer-ogg: 62fdf1f143b41e24485cea50d1cbac27 -> 
  custom:video-decoder-webm-vp8: 9c59270c3fd7afecdb556c50c9e8de78 -> 
  custom:audio-decoder-ogg-vorbis: bf7c407c2cedff20999df2af8eb42d56 -> 
========================================================================
Received Import Request.
  Time since last request: 1744739.729495 seconds.
  path: Assets/3rd Party Stuff/CastlePack/Prefabs/Gates/WallGateHarrow.prefab
  artifactKey: Guid(2f47c00b23663ad40b0bd5e9f53d819f) Importer(815301076,1909f56bfc062723c751e8b465ee728b)
Start importing Assets/3rd Party Stuff/CastlePack/Prefabs/Gates/WallGateHarrow.prefab using Guid(2f47c00b23663ad40b0bd5e9f53d819f) Importer(815301076,1909f56bfc062723c751e8b465ee728b)  -> (artifact id: 'efb8d5a1a3b30a1461e746ddbdcbe5f8') in 0.093617 seconds 
========================================================================
Received Import Request.
  Time since last request: 9.170858 seconds.
  path: Assets/3rd Party Stuff/CastlePack/Prefabs/CornerWallsForExplosions/CornerWallLvl2.prefab
  artifactKey: Guid(d4c03a0ee489d4848b834ed55e04e0c9) Importer(815301076,1909f56bfc062723c751e8b465ee728b)
Start importing Assets/3rd Party Stuff/CastlePack/Prefabs/CornerWallsForExplosions/CornerWallLvl2.prefab using Guid(d4c03a0ee489d4848b834ed55e04e0c9) Importer(815301076,1909f56bfc062723c751e8b465ee728b)  -> (artifact id: '81227a5ca9bf6bff779b821fd3b40a5b') in 0.069473 seconds 
========================================================================
Received Import Request.
  Time since last request: 0.000038 seconds.
  path: Assets/3rd Party Stuff/CastlePack/Prefabs/CornerWallsForExplosions/CornerWallLvl6.prefab
  artifactKey: Guid(de29f60e8d6b3b740b157c39d45e34ed) Importer(815301076,1909f56bfc062723c751e8b465ee728b)
Start importing Assets/3rd Party Stuff/CastlePack/Prefabs/CornerWallsForExplosions/CornerWallLvl6.prefab using Guid(de29f60e8d6b3b740b157c39d45e34ed) Importer(815301076,1909f56bfc062723c751e8b465ee728b)  -> (artifact id: '435fca1e4af0e5679d83365e6ed084fc') in 0.022836 seconds 
========================================================================
Received Import Request.
  Time since last request: 4.235543 seconds.
  path: Assets/3rd Party Stuff/CastlePack/Prefabs/CornerWalls/CornerWallLvl2Merge.prefab
  artifactKey: Guid(7ac8f970f126d084bb5f1238d1e81022) Importer(815301076,1909f56bfc062723c751e8b465ee728b)
Start importing Assets/3rd Party Stuff/CastlePack/Prefabs/CornerWalls/CornerWallLvl2Merge.prefab using Guid(7ac8f970f126d084bb5f1238d1e81022) Importer(815301076,1909f56bfc062723c751e8b465ee728b)  -> (artifact id: '4950215a73964e8134af71755202a3f1') in 0.051715 seconds 
========================================================================
Received Import Request.
  Time since last request: 0.000063 seconds.
  path: Assets/3rd Party Stuff/CastlePack/Prefabs/CornerWalls/CornerWallLvl4Merged.prefab
  artifactKey: Guid(aed44a4518f9eb74194242f66a30add7) Importer(815301076,1909f56bfc062723c751e8b465ee728b)
Start importing Assets/3rd Party Stuff/CastlePack/Prefabs/CornerWalls/CornerWallLvl4Merged.prefab using Guid(aed44a4518f9eb74194242f66a30add7) Importer(815301076,1909f56bfc062723c751e8b465ee728b)  -> (artifact id: 'b6894d7ade31a0c4344f6652a592f0c2') in 0.050581 seconds 
========================================================================
Received Import Request.
  Time since last request: 158.751081 seconds.
  path: Assets/3rd Party Stuff/CastlePack/Fortress_Gate.FBX
  artifactKey: Guid(55c0d5033699c5a4abecb1c3da0ca857) Importer(815301076,1909f56bfc062723c751e8b465ee728b)
Start importing Assets/3rd Party Stuff/CastlePack/Fortress_Gate.FBX using Guid(55c0d5033699c5a4abecb1c3da0ca857) Importer(815301076,1909f56bfc062723c751e8b465ee728b)  -> (artifact id: '648d059fe5b5ad4714df44d6bfa0aa6e') in 0.187842 seconds 
========================================================================
Received Import Request.
  Time since last request: 8.642990 seconds.
  path: Assets/3rd Party Stuff/CastlePack/Fortress_Gate.FBX
  artifactKey: Guid(55c0d5033699c5a4abecb1c3da0ca857) Importer(815301076,1909f56bfc062723c751e8b465ee728b)
Start importing Assets/3rd Party Stuff/CastlePack/Fortress_Gate.FBX using Guid(55c0d5033699c5a4abecb1c3da0ca857) Importer(815301076,1909f56bfc062723c751e8b465ee728b)  -> (artifact id: '8b2a9f805cab0ef08a47bd37349977fd') in 0.085032 seconds 
========================================================================
Received Import Request.
  Time since last request: 97.179733 seconds.
  path: Assets/3rd Party Stuff/LowPolyWater_Pack/LowPoly Island/textures/textureSurface_Color_2.jpg
  artifactKey: Guid(c4b4ad6529883dc43874119c9045638a) Importer(815301076,1909f56bfc062723c751e8b465ee728b)
Start importing Assets/3rd Party Stuff/LowPolyWater_Pack/LowPoly Island/textures/textureSurface_Color_2.jpg using Guid(c4b4ad6529883dc43874119c9045638a) Importer(815301076,1909f56bfc062723c751e8b465ee728b)  -> (artifact id: '66b3eb3d0c13317659022b672fb17289') in 0.149642 seconds 
========================================================================
Received Prepare
Registering precompiled user dll's ...
Registered in 0.006539 seconds.
Begin MonoManager ReloadAssembly
Symbol file LoadedFromMemory doesn't match image C:\Users\markt\Unity Games\DES 304 Light Gun Game\Light-Gun-Game\Library\PackageCache\com.unity.visualscripting@1.7.8\Editor\VisualScripting.Core\Dependencies\YamlDotNet\Unity.VisualScripting.YamlDotNet.dll
Symbol file LoadedFromMemory doesn't match image C:\Users\markt\Unity Games\DES 304 Light Gun Game\Light-Gun-Game\Library\PackageCache\com.unity.visualscripting@1.7.8\Editor\VisualScripting.Core\Dependencies\DotNetZip\Unity.VisualScripting.IonicZip.dll
Native extension for WindowsStandalone target not found
Refreshing native plugins compatible for Editor in 0.59 ms, found 1 plugins.
Preloading 0 native plugins for Editor in 0.00 ms.
Mono: successfully reloaded assembly
- Completed reload, in  1.406 seconds
Domain Reload Profiling:
	ReloadAssembly (1407ms)
		BeginReloadAssembly (241ms)
			ExecutionOrderSort (0ms)
			DisableScriptedObjects (15ms)
			BackupInstance (0ms)
			ReleaseScriptingObjects (0ms)
			CreateAndSetChildDomain (44ms)
		EndReloadAssembly (996ms)
			LoadAssemblies (160ms)
			RebuildTransferFunctionScriptingTraits (0ms)
			SetupTypeCache (338ms)
				TypeCache.Initialize (332ms)
					TypeCache.ScanAssembly (327ms)
				ResolveRequiredComponents (6ms)
			ReleaseScriptCaches (1ms)
			RebuildScriptCaches (57ms)
			SetupLoadedEditorAssemblies (398ms)
				LogAssemblyErrors (0ms)
				InitializePlatformSupportModulesInManaged (23ms)
				SetLoadedEditorAssemblies (9ms)
				RefreshPlugins (1ms)
				BeforeProcessingInitializeOnLoad (103ms)
				ProcessInitializeOnLoadAttributes (212ms)
				ProcessInitializeOnLoadMethodAttributes (32ms)
				AfterProcessingInitializeOnLoad (19ms)
				EditorAssembliesLoaded (0ms)
			ExecutionOrderSort2 (0ms)
			AwakeInstancesAfterBackupRestoration (9ms)
Platform modules already initialized, skipping
Refreshing native plugins compatible for Editor in 1.50 ms, found 1 plugins.
Preloading 0 native plugins for Editor in 0.00 ms.
Unloading 2867 Unused Serialized files (Serialized files now loaded: 0)
Unloading 21 unused Assets / (1.2 MB). Loaded Objects now: 3385.
Memory consumption went from 0.52 GB to 0.52 GB.
Total: 5.666100 ms (FindLiveObjects: 0.288600 ms CreateObjectMapping: 0.214800 ms MarkObjects: 4.874600 ms  DeleteObjects: 0.286500 ms)

AssetImportParameters requested are different than current active one (requested -> active):
  custom:video-decoder-ogg-theora: a1e56fd34408186e4bbccfd4996cb3dc -> 
  custom:container-muxer-webm: aa71ff27fc2769a1b78a27578f13a17b -> 
  custom:container-demuxer-webm: 4f35f7cbe854078d1ac9338744f61a02 -> 
  custom:video-encoder-webm-vp8: eb34c28f22e8b96e1ab97ce403110664 -> 
  custom:audio-encoder-webm-vorbis: bf7c407c2cedff20999df2af8eb42d56 -> 
  custom:framework-win-MediaFoundation: 216162199b28c13a410421893ffa2e32 -> 
  custom:container-demuxer-ogg: 62fdf1f143b41e24485cea50d1cbac27 -> 
  custom:video-decoder-webm-vp8: 9c59270c3fd7afecdb556c50c9e8de78 -> 
  custom:audio-decoder-ogg-vorbis: bf7c407c2cedff20999df2af8eb42d56 -> 
========================================================================
Received Import Request.
  Time since last request: 75.440726 seconds.
  path: Assets/3rd Party Stuff/Polygon-Lite Survival Collection/Materials/Yellow_2.mat
  artifactKey: Guid(e99437337c48ff54e8846e5ecccafb10) Importer(815301076,1909f56bfc062723c751e8b465ee728b)
Start importing Assets/3rd Party Stuff/Polygon-Lite Survival Collection/Materials/Yellow_2.mat using Guid(e99437337c48ff54e8846e5ecccafb10) Importer(815301076,1909f56bfc062723c751e8b465ee728b)  -> (artifact id: '991f0a48c57ac91738249c0bcfb4a1e1') in 0.409511 seconds 
========================================================================
Received Import Request.
  Time since last request: 5.383261 seconds.
  path: Assets/3rd Party Stuff/Polygon-Lite Survival Collection/Models/SM_Army_Pistol.fbx
  artifactKey: Guid(1cc03cbb51606e04faa898feb8fab8e3) Importer(815301076,1909f56bfc062723c751e8b465ee728b)
Start importing Assets/3rd Party Stuff/Polygon-Lite Survival Collection/Models/SM_Army_Pistol.fbx using Guid(1cc03cbb51606e04faa898feb8fab8e3) Importer(815301076,1909f56bfc062723c751e8b465ee728b)  -> (artifact id: 'e5075c8eda42aeee08251bcbc53c51d8') in 0.118708 seconds 
========================================================================
Received Import Request.
  Time since last request: 0.000029 seconds.
  path: Assets/3rd Party Stuff/Polygon-Lite Survival Collection/Models/SM_Canister_01.fbx
  artifactKey: Guid(a0dd0354caf5c0049b89be3049d07eb5) Importer(815301076,1909f56bfc062723c751e8b465ee728b)
Start importing Assets/3rd Party Stuff/Polygon-Lite Survival Collection/Models/SM_Canister_01.fbx using Guid(a0dd0354caf5c0049b89be3049d07eb5) Importer(815301076,1909f56bfc062723c751e8b465ee728b)  -> (artifact id: '4a396684a18c125c464964d110899125') in 0.036154 seconds 
========================================================================
Received Import Request.
  Time since last request: 0.000039 seconds.
  path: Assets/3rd Party Stuff/Polygon-Lite Survival Collection/Models/SM_Fishing_Rod.fbx
  artifactKey: Guid(a299e3c11d167104da0e6fa164084e76) Importer(815301076,1909f56bfc062723c751e8b465ee728b)
Start importing Assets/3rd Party Stuff/Polygon-Lite Survival Collection/Models/SM_Fishing_Rod.fbx using Guid(a299e3c11d167104da0e6fa164084e76) Importer(815301076,1909f56bfc062723c751e8b465ee728b)  -> (artifact id: 'd861973a1cadd46f13d4164ea863cabc') in 0.066158 seconds 
========================================================================
Received Import Request.
  Time since last request: 0.000032 seconds.
  path: Assets/3rd Party Stuff/Polygon-Lite Survival Collection/Models/SM_Handguard_For_Submachine_Gun_02.fbx
  artifactKey: Guid(d4cec953f6eb0254584387bd0e9dd253) Importer(815301076,1909f56bfc062723c751e8b465ee728b)
Start importing Assets/3rd Party Stuff/Polygon-Lite Survival Collection/Models/SM_Handguard_For_Submachine_Gun_02.fbx using Guid(d4cec953f6eb0254584387bd0e9dd253) Importer(815301076,1909f56bfc062723c751e8b465ee728b)  -> (artifact id: '9a06a69c4bb3f9879a33da35ae3ee493') in 0.034738 seconds 
========================================================================
Received Import Request.
  Time since last request: 0.000024 seconds.
  path: Assets/3rd Party Stuff/Polygon-Lite Survival Collection/Models/SM_Collimator_Sight_A_01.fbx
  artifactKey: Guid(26460841deee7094682bcaf0c141ea20) Importer(815301076,1909f56bfc062723c751e8b465ee728b)
Start importing Assets/3rd Party Stuff/Polygon-Lite Survival Collection/Models/SM_Collimator_Sight_A_01.fbx using Guid(26460841deee7094682bcaf0c141ea20) Importer(815301076,1909f56bfc062723c751e8b465ee728b)  -> (artifact id: '801a1e6c126e9eca1ae4c07c54cd88ba') in 0.031617 seconds 
========================================================================
Received Import Request.
  Time since last request: 0.000028 seconds.
  path: Assets/3rd Party Stuff/Polygon-Lite Survival Collection/Models/SM_GAS_CYLINDER_01.fbx
  artifactKey: Guid(087349fd802939e4c985a1f8c3ee6426) Importer(815301076,1909f56bfc062723c751e8b465ee728b)
Start importing Assets/3rd Party Stuff/Polygon-Lite Survival Collection/Models/SM_GAS_CYLINDER_01.fbx using Guid(087349fd802939e4c985a1f8c3ee6426) Importer(815301076,1909f56bfc062723c751e8b465ee728b)  -> (artifact id: '4c7d648bddbe23be716547fb68c2bb6d') in 0.038588 seconds 
========================================================================
Received Import Request.
  Time since last request: 0.000035 seconds.
  path: Assets/3rd Party Stuff/Polygon-Lite Survival Collection/Models/SM_Hammer.fbx
  artifactKey: Guid(b97a682b9deea6f4a9c2c726884c89f4) Importer(815301076,1909f56bfc062723c751e8b465ee728b)
Start importing Assets/3rd Party Stuff/Polygon-Lite Survival Collection/Models/SM_Hammer.fbx using Guid(b97a682b9deea6f4a9c2c726884c89f4) Importer(815301076,1909f56bfc062723c751e8b465ee728b)  -> (artifact id: '11dab5ffe6cf557e3115ea99532d6148') in 0.033774 seconds 
========================================================================
Received Import Request.
  Time since last request: 0.000030 seconds.
  path: Assets/3rd Party Stuff/Polygon-Lite Survival Collection/Models/SM_Cartridges_9.19.fbx
  artifactKey: Guid(f39cf7bb174f03f49b34f4af4d06cebe) Importer(815301076,1909f56bfc062723c751e8b465ee728b)
Start importing Assets/3rd Party Stuff/Polygon-Lite Survival Collection/Models/SM_Cartridges_9.19.fbx using Guid(f39cf7bb174f03f49b34f4af4d06cebe) Importer(815301076,1909f56bfc062723c751e8b465ee728b)  -> (artifact id: 'a3b173bbff614901a443b14b7dece589') in 0.034828 seconds 
========================================================================
Received Import Request.
  Time since last request: 0.000037 seconds.
  path: Assets/3rd Party Stuff/Polygon-Lite Survival Collection/Models/SM_Collimator_Sight_B_01.fbx
  artifactKey: Guid(e781d9745bdf3114998561b8c9601e84) Importer(815301076,1909f56bfc062723c751e8b465ee728b)
Start importing Assets/3rd Party Stuff/Polygon-Lite Survival Collection/Models/SM_Collimator_Sight_B_01.fbx using Guid(e781d9745bdf3114998561b8c9601e84) Importer(815301076,1909f56bfc062723c751e8b465ee728b)  -> (artifact id: 'b8ede71efd5ea876257821aafd33f423') in 0.033608 seconds 
========================================================================
Received Import Request.
  Time since last request: 0.000026 seconds.
  path: Assets/3rd Party Stuff/Polygon-Lite Survival Collection/Models/SM_FIREWOOD.fbx
  artifactKey: Guid(5df2cd158efe7e046802b7942e599378) Importer(815301076,1909f56bfc062723c751e8b465ee728b)
Start importing Assets/3rd Party Stuff/Polygon-Lite Survival Collection/Models/SM_FIREWOOD.fbx using Guid(5df2cd158efe7e046802b7942e599378) Importer(815301076,1909f56bfc062723c751e8b465ee728b)  -> (artifact id: '9cdbf98d56a62f37992a480def678ce6') in 0.034728 seconds 
========================================================================
Received Import Request.
  Time since last request: 0.000025 seconds.
  path: Assets/3rd Party Stuff/Polygon-Lite Survival Collection/Models/SM_Barrel_Closed_01_A.fbx
  artifactKey: Guid(5268200bc6db80845af09eb0823e211e) Importer(815301076,1909f56bfc062723c751e8b465ee728b)
Start importing Assets/3rd Party Stuff/Polygon-Lite Survival Collection/Models/SM_Barrel_Closed_01_A.fbx using Guid(5268200bc6db80845af09eb0823e211e) Importer(815301076,1909f56bfc062723c751e8b465ee728b)  -> (artifact id: '5e56bd57ef643836ab3893d71b40f93e') in 0.041311 seconds 
========================================================================
Received Import Request.
  Time since last request: 0.000027 seconds.
  path: Assets/3rd Party Stuff/Polygon-Lite Survival Collection/Models/SM_FLATCHE.fbx
  artifactKey: Guid(34aa33e6e98a0ab46aacad99f49ade21) Importer(815301076,1909f56bfc062723c751e8b465ee728b)
Start importing Assets/3rd Party Stuff/Polygon-Lite Survival Collection/Models/SM_FLATCHE.fbx using Guid(34aa33e6e98a0ab46aacad99f49ade21) Importer(815301076,1909f56bfc062723c751e8b465ee728b)  -> (artifact id: '9d9c3ccdfa959248f2dbe5672f01569b') in 0.033339 seconds 
========================================================================
Received Import Request.
  Time since last request: 0.000026 seconds.
  path: Assets/3rd Party Stuff/Polygon-Lite Survival Collection/Models/SM_Cartridges_9_ONE.fbx
  artifactKey: Guid(818109fdd292c124388bdf672613e4b4) Importer(815301076,1909f56bfc062723c751e8b465ee728b)
Start importing Assets/3rd Party Stuff/Polygon-Lite Survival Collection/Models/SM_Cartridges_9_ONE.fbx using Guid(818109fdd292c124388bdf672613e4b4) Importer(815301076,1909f56bfc062723c751e8b465ee728b)  -> (artifact id: '7b49cae7ebd7a6bf8e9124541ef54cc1') in 0.029770 seconds 
========================================================================
Received Import Request.
  Time since last request: 11.540567 seconds.
  path: Assets/3rd Party Stuff/Polygon-Lite Survival Collection/Models/SM_Log.fbx
  artifactKey: Guid(6bd982b9b51aeae4a9cb4b566b4da93f) Importer(815301076,1909f56bfc062723c751e8b465ee728b)
Start importing Assets/3rd Party Stuff/Polygon-Lite Survival Collection/Models/SM_Log.fbx using Guid(6bd982b9b51aeae4a9cb4b566b4da93f) Importer(815301076,1909f56bfc062723c751e8b465ee728b)  -> (artifact id: 'e85734ae160abb1ebaa0760a01d84673') in 0.037978 seconds 
========================================================================
Received Import Request.
  Time since last request: 0.000042 seconds.
  path: Assets/3rd Party Stuff/Polygon-Lite Survival Collection/Models/SM_Muzzle_Brake_Compensator_01.fbx
  artifactKey: Guid(3dc1c43c6efc435428abe80349244466) Importer(815301076,1909f56bfc062723c751e8b465ee728b)
Start importing Assets/3rd Party Stuff/Polygon-Lite Survival Collection/Models/SM_Muzzle_Brake_Compensator_01.fbx using Guid(3dc1c43c6efc435428abe80349244466) Importer(815301076,1909f56bfc062723c751e8b465ee728b)  -> (artifact id: '55c4e26ead5447573db8c3a81615d3f5') in 0.045463 seconds 
========================================================================
Received Import Request.
  Time since last request: 0.000029 seconds.
  path: Assets/3rd Party Stuff/Polygon-Lite Survival Collection/Models/SM_Scrap_Metal_03.fbx
  artifactKey: Guid(804c9c6df5d056e4da0e9b1081a86e39) Importer(815301076,1909f56bfc062723c751e8b465ee728b)
Start importing Assets/3rd Party Stuff/Polygon-Lite Survival Collection/Models/SM_Scrap_Metal_03.fbx using Guid(804c9c6df5d056e4da0e9b1081a86e39) Importer(815301076,1909f56bfc062723c751e8b465ee728b)  -> (artifact id: '94b6cbcb526995b5f822690c7449b097') in 0.052317 seconds 
========================================================================
Received Import Request.
  Time since last request: 0.000030 seconds.
  path: Assets/3rd Party Stuff/Polygon-Lite Survival Collection/Models/Tent_A_01.fbx
  artifactKey: Guid(6724caf277831854fa8c7e4bcd500aa1) Importer(815301076,1909f56bfc062723c751e8b465ee728b)
Start importing Assets/3rd Party Stuff/Polygon-Lite Survival Collection/Models/Tent_A_01.fbx using Guid(6724caf277831854fa8c7e4bcd500aa1) Importer(815301076,1909f56bfc062723c751e8b465ee728b)  -> (artifact id: 'cdd4be4cd2710738b00a935003b1aa2e') in 0.037324 seconds 
========================================================================
Received Import Request.
  Time since last request: 0.000040 seconds.
  path: Assets/3rd Party Stuff/Polygon-Lite Survival Collection/Models/SM_Magazine_For_Army_Pistol.fbx
  artifactKey: Guid(faf35e45031de1744b38f392782c3d72) Importer(815301076,1909f56bfc062723c751e8b465ee728b)
Start importing Assets/3rd Party Stuff/Polygon-Lite Survival Collection/Models/SM_Magazine_For_Army_Pistol.fbx using Guid(faf35e45031de1744b38f392782c3d72) Importer(815301076,1909f56bfc062723c751e8b465ee728b)  -> (artifact id: 'c38d22916edf18f38cf233a64f226b7b') in 0.039031 seconds 
========================================================================
Received Import Request.
  Time since last request: 0.000040 seconds.
  path: Assets/3rd Party Stuff/Polygon-Lite Survival Collection/Models/SM_THE_CLOTH.fbx
  artifactKey: Guid(a36adfa80e417e0419dd2259bdbf0b0a) Importer(815301076,1909f56bfc062723c751e8b465ee728b)
Start importing Assets/3rd Party Stuff/Polygon-Lite Survival Collection/Models/SM_THE_CLOTH.fbx using Guid(a36adfa80e417e0419dd2259bdbf0b0a) Importer(815301076,1909f56bfc062723c751e8b465ee728b)  -> (artifact id: '0ff33ab44384ecd24a52db2c39e644f0') in 0.034249 seconds 
========================================================================
Received Import Request.
  Time since last request: 0.000038 seconds.
  path: Assets/3rd Party Stuff/Polygon-Lite Survival Collection/Models/SM_Vertical_Handle_01.fbx
  artifactKey: Guid(51b42342764a8ba418185d66d603b6aa) Importer(815301076,1909f56bfc062723c751e8b465ee728b)
Start importing Assets/3rd Party Stuff/Polygon-Lite Survival Collection/Models/SM_Vertical_Handle_01.fbx using Guid(51b42342764a8ba418185d66d603b6aa) Importer(815301076,1909f56bfc062723c751e8b465ee728b)  -> (artifact id: '83e87661d54da36efbfe28e93917d402') in 0.044625 seconds 
========================================================================
Received Import Request.
  Time since last request: 0.000034 seconds.
  path: Assets/3rd Party Stuff/Polygon-Lite Survival Collection/Models/SM_Scrap_Metal_02.fbx
  artifactKey: Guid(94c2c318f2897384892a9b3a7bcd25b2) Importer(815301076,1909f56bfc062723c751e8b465ee728b)
Start importing Assets/3rd Party Stuff/Polygon-Lite Survival Collection/Models/SM_Scrap_Metal_02.fbx using Guid(94c2c318f2897384892a9b3a7bcd25b2) Importer(815301076,1909f56bfc062723c751e8b465ee728b)  -> (artifact id: '57e16731f38d6565cfc309fd679cd3a9') in 0.053980 seconds 
========================================================================
Received Import Request.
  Time since last request: 0.000031 seconds.
  path: Assets/3rd Party Stuff/Polygon-Lite Survival Collection/Models/Small_Canned_Food_D_03.fbx
  artifactKey: Guid(ef8f38555e95d65438aeafc8a3b342cf) Importer(815301076,1909f56bfc062723c751e8b465ee728b)
Start importing Assets/3rd Party Stuff/Polygon-Lite Survival Collection/Models/Small_Canned_Food_D_03.fbx using Guid(ef8f38555e95d65438aeafc8a3b342cf) Importer(815301076,1909f56bfc062723c751e8b465ee728b)  -> (artifact id: 'a4cb827ee2c15bb90ded2936b86a6eee') in 0.036334 seconds 
========================================================================
Received Import Request.
  Time since last request: 0.000032 seconds.
  path: Assets/3rd Party Stuff/Polygon-Lite Survival Collection/Models/SM_Magazine_For_Special_Submachine_Gun_Empty.fbx
  artifactKey: Guid(d3135b9e66d44344da8e767529d81e84) Importer(815301076,1909f56bfc062723c751e8b465ee728b)
Start importing Assets/3rd Party Stuff/Polygon-Lite Survival Collection/Models/SM_Magazine_For_Special_Submachine_Gun_Empty.fbx using Guid(d3135b9e66d44344da8e767529d81e84) Importer(815301076,1909f56bfc062723c751e8b465ee728b)  -> (artifact id: '295470bf4feb79743ac49ea1b6ddc8d5') in 0.034054 seconds 
========================================================================
Received Import Request.
  Time since last request: 0.000043 seconds.
  path: Assets/3rd Party Stuff/Polygon-Lite Survival Collection/Models/SM_Log_laying.fbx
  artifactKey: Guid(74eba7947f3105d4492bd23c4a539f99) Importer(815301076,1909f56bfc062723c751e8b465ee728b)
Start importing Assets/3rd Party Stuff/Polygon-Lite Survival Collection/Models/SM_Log_laying.fbx using Guid(74eba7947f3105d4492bd23c4a539f99) Importer(815301076,1909f56bfc062723c751e8b465ee728b)  -> (artifact id: 'd586cfda5f46cd19053c922fa34cc5b5') in 0.037498 seconds 
========================================================================
Received Import Request.
  Time since last request: 0.000029 seconds.
  path: Assets/3rd Party Stuff/Polygon-Lite Survival Collection/Models/SM_Woods_02.fbx
  artifactKey: Guid(2c781903cc9332149b59e0c0cbc0ef70) Importer(815301076,1909f56bfc062723c751e8b465ee728b)
Start importing Assets/3rd Party Stuff/Polygon-Lite Survival Collection/Models/SM_Woods_02.fbx using Guid(2c781903cc9332149b59e0c0cbc0ef70) Importer(815301076,1909f56bfc062723c751e8b465ee728b)  -> (artifact id: '68f0e978e3e72473aa84399c991ab4cf') in 0.037067 seconds 
========================================================================
Received Import Request.
  Time since last request: 93.321303 seconds.
  path: Assets/3rd Party Stuff/Polygon-Lite Survival Collection/Prefabs/Bonfire_01.prefab
  artifactKey: Guid(6046a64e832cdad44ac9e18fe66d19f1) Importer(815301076,1909f56bfc062723c751e8b465ee728b)
Start importing Assets/3rd Party Stuff/Polygon-Lite Survival Collection/Prefabs/Bonfire_01.prefab using Guid(6046a64e832cdad44ac9e18fe66d19f1) Importer(815301076,1909f56bfc062723c751e8b465ee728b)  -> (artifact id: 'cf4144e97955748f881a3e888316a367') in 0.033779 seconds 
========================================================================
Received Import Request.
  Time since last request: 0.000033 seconds.
  path: Assets/3rd Party Stuff/Polygon-Lite Survival Collection/Prefabs/Canned_food_A_01.prefab
  artifactKey: Guid(036c576504fa16147906e501b1a57384) Importer(815301076,1909f56bfc062723c751e8b465ee728b)
Start importing Assets/3rd Party Stuff/Polygon-Lite Survival Collection/Prefabs/Canned_food_A_01.prefab using Guid(036c576504fa16147906e501b1a57384) Importer(815301076,1909f56bfc062723c751e8b465ee728b)  -> (artifact id: 'f45bfa03a4462442a8f593f34c50be30') in 0.034385 seconds 
========================================================================
Received Import Request.
  Time since last request: 0.000026 seconds.
  path: Assets/3rd Party Stuff/Polygon-Lite Survival Collection/Prefabs/Meat_02.prefab
  artifactKey: Guid(e70c788d9b889f44b8057c1ca261dbb9) Importer(815301076,1909f56bfc062723c751e8b465ee728b)
Start importing Assets/3rd Party Stuff/Polygon-Lite Survival Collection/Prefabs/Meat_02.prefab using Guid(e70c788d9b889f44b8057c1ca261dbb9) Importer(815301076,1909f56bfc062723c751e8b465ee728b)  -> (artifact id: 'b038b63c82be3c61bcc4a62a17fcf0b2') in 0.028749 seconds 
========================================================================
Received Import Request.
  Time since last request: 0.000026 seconds.
  path: Assets/3rd Party Stuff/Polygon-Lite Survival Collection/Prefabs/Flask.prefab
  artifactKey: Guid(3ff9c98c0990fce468bb0d49a51b6461) Importer(815301076,1909f56bfc062723c751e8b465ee728b)
Start importing Assets/3rd Party Stuff/Polygon-Lite Survival Collection/Prefabs/Flask.prefab using Guid(3ff9c98c0990fce468bb0d49a51b6461) Importer(815301076,1909f56bfc062723c751e8b465ee728b)  -> (artifact id: 'a7ba7ca601fdd25ed6be66661dea60c3') in 0.028617 seconds 
========================================================================
Received Import Request.
  Time since last request: 1.406147 seconds.
  path: Assets/3rd Party Stuff/Polygon-Lite Survival Collection/Prefabs/SM_Vertical_Handle_01.prefab
  artifactKey: Guid(580b4dae3deb3ea4e975a4bf33fa4387) Importer(815301076,1909f56bfc062723c751e8b465ee728b)
Start importing Assets/3rd Party Stuff/Polygon-Lite Survival Collection/Prefabs/SM_Vertical_Handle_01.prefab using Guid(580b4dae3deb3ea4e975a4bf33fa4387) Importer(815301076,1909f56bfc062723c751e8b465ee728b)  -> (artifact id: 'a4336ffc7f2db896f7f6a1b54bebe82f') in 0.023490 seconds 
========================================================================
Received Import Request.
  Time since last request: 0.000026 seconds.
  path: Assets/3rd Party Stuff/Polygon-Lite Survival Collection/Prefabs/Tent_A_01.prefab
  artifactKey: Guid(b5991b8efe7e0044888b9058f6d3119f) Importer(815301076,1909f56bfc062723c751e8b465ee728b)
Start importing Assets/3rd Party Stuff/Polygon-Lite Survival Collection/Prefabs/Tent_A_01.prefab using Guid(b5991b8efe7e0044888b9058f6d3119f) Importer(815301076,1909f56bfc062723c751e8b465ee728b)  -> (artifact id: '89c226df4bd10e22b94edb253a11a24f') in 0.024643 seconds 
========================================================================
Received Import Request.
  Time since last request: 0.000029 seconds.
  path: Assets/3rd Party Stuff/Polygon-Lite Survival Collection/Prefabs/SM_Workbench.prefab
  artifactKey: Guid(405182fb1a70a9d4a8a4c06cae1e6b5f) Importer(815301076,1909f56bfc062723c751e8b465ee728b)
Start importing Assets/3rd Party Stuff/Polygon-Lite Survival Collection/Prefabs/SM_Workbench.prefab using Guid(405182fb1a70a9d4a8a4c06cae1e6b5f) Importer(815301076,1909f56bfc062723c751e8b465ee728b)  -> (artifact id: 'a2aabf0f471de04759f19992053414eb') in 0.027621 seconds 
========================================================================
Received Import Request.
  Time since last request: 0.000021 seconds.
  path: Assets/3rd Party Stuff/Polygon-Lite Survival Collection/Prefabs/Small_Canned_Food_D_03.prefab
  artifactKey: Guid(a0be92f82bc08274b8f14f7998fe6eea) Importer(815301076,1909f56bfc062723c751e8b465ee728b)
Start importing Assets/3rd Party Stuff/Polygon-Lite Survival Collection/Prefabs/Small_Canned_Food_D_03.prefab using Guid(a0be92f82bc08274b8f14f7998fe6eea) Importer(815301076,1909f56bfc062723c751e8b465ee728b)  -> (artifact id: '07debb097fdbdbeda7663cb7bb859ecd') in 0.032091 seconds 
========================================================================
Received Import Request.
  Time since last request: 9.193732 seconds.
  path: Assets/3rd Party Stuff/Polygon-Lite Survival Collection/Prefabs/SM_THE_CLOTH.prefab
  artifactKey: Guid(9ce2ab4fcb9070246bb9ed4506a37518) Importer(815301076,1909f56bfc062723c751e8b465ee728b)
Start importing Assets/3rd Party Stuff/Polygon-Lite Survival Collection/Prefabs/SM_THE_CLOTH.prefab using Guid(9ce2ab4fcb9070246bb9ed4506a37518) Importer(815301076,1909f56bfc062723c751e8b465ee728b)  -> (artifact id: '12be42a2c9a9f40af903ef1c91f90707') in 0.031161 seconds 
========================================================================
Received Import Request.
  Time since last request: 0.000046 seconds.
  path: Assets/3rd Party Stuff/Polygon-Lite Survival Collection/Prefabs/Tent_A_01.prefab
  artifactKey: Guid(b5991b8efe7e0044888b9058f6d3119f) Importer(815301076,1909f56bfc062723c751e8b465ee728b)
Start importing Assets/3rd Party Stuff/Polygon-Lite Survival Collection/Prefabs/Tent_A_01.prefab using Guid(b5991b8efe7e0044888b9058f6d3119f) Importer(815301076,1909f56bfc062723c751e8b465ee728b)  -> (artifact id: '94d380c36276658181d456e05edcb3cf') in 0.021889 seconds 
========================================================================
Received Import Request.
  Time since last request: 0.000032 seconds.
  path: Assets/3rd Party Stuff/Polygon-Lite Survival Collection/Prefabs/SM_Vertical_Handle_01.prefab
  artifactKey: Guid(580b4dae3deb3ea4e975a4bf33fa4387) Importer(815301076,1909f56bfc062723c751e8b465ee728b)
Start importing Assets/3rd Party Stuff/Polygon-Lite Survival Collection/Prefabs/SM_Vertical_Handle_01.prefab using Guid(580b4dae3deb3ea4e975a4bf33fa4387) Importer(815301076,1909f56bfc062723c751e8b465ee728b)  -> (artifact id: 'db054a60c7a2bc67dc9dcebece40391c') in 0.018914 seconds 
========================================================================
Received Import Request.
  Time since last request: 0.000045 seconds.
  path: Assets/3rd Party Stuff/Polygon-Lite Survival Collection/Prefabs/SM_Workbench.prefab
  artifactKey: Guid(405182fb1a70a9d4a8a4c06cae1e6b5f) Importer(815301076,1909f56bfc062723c751e8b465ee728b)
Start importing Assets/3rd Party Stuff/Polygon-Lite Survival Collection/Prefabs/SM_Workbench.prefab using Guid(405182fb1a70a9d4a8a4c06cae1e6b5f) Importer(815301076,1909f56bfc062723c751e8b465ee728b)  -> (artifact id: '1d8e5dd7c474173f59e17245c36bfb48') in 0.023929 seconds 
========================================================================
Received Import Request.
  Time since last request: 0.000034 seconds.
  path: Assets/3rd Party Stuff/Polygon-Lite Survival Collection/Prefabs/Small_Canned_Food_D_03.prefab
  artifactKey: Guid(a0be92f82bc08274b8f14f7998fe6eea) Importer(815301076,1909f56bfc062723c751e8b465ee728b)
Start importing Assets/3rd Party Stuff/Polygon-Lite Survival Collection/Prefabs/Small_Canned_Food_D_03.prefab using Guid(a0be92f82bc08274b8f14f7998fe6eea) Importer(815301076,1909f56bfc062723c751e8b465ee728b)  -> (artifact id: '8ac7176f273932a06720194f5378d204') in 0.019194 seconds 
========================================================================
Received Import Request.
  Time since last request: 29.982930 seconds.
  path: Assets/3rd Party Stuff/Polygon-Lite Survival Collection/Prefabs/SM_Pallet_01.prefab
  artifactKey: Guid(931aea578e9e7f7499b2987da9ed2fb0) Importer(815301076,1909f56bfc062723c751e8b465ee728b)
Start importing Assets/3rd Party Stuff/Polygon-Lite Survival Collection/Prefabs/SM_Pallet_01.prefab using Guid(931aea578e9e7f7499b2987da9ed2fb0) Importer(815301076,1909f56bfc062723c751e8b465ee728b)  -> (artifact id: 'dc71332a56653432356d9a984a933b74') in 0.032284 seconds 
========================================================================
Received Import Request.
  Time since last request: 0.000041 seconds.
  path: Assets/3rd Party Stuff/Polygon-Lite Survival Collection/Prefabs/SM_Sledgehammer.prefab
  artifactKey: Guid(c1261337aad64ef4db60b9b168b33feb) Importer(815301076,1909f56bfc062723c751e8b465ee728b)
Start importing Assets/3rd Party Stuff/Polygon-Lite Survival Collection/Prefabs/SM_Sledgehammer.prefab using Guid(c1261337aad64ef4db60b9b168b33feb) Importer(815301076,1909f56bfc062723c751e8b465ee728b)  -> (artifact id: '23766e013a20f743d497308df6621140') in 0.030776 seconds 
========================================================================
Received Import Request.
  Time since last request: 0.000037 seconds.
  path: Assets/3rd Party Stuff/Polygon-Lite Survival Collection/Prefabs/SM_Scrap_Metal_02.prefab
  artifactKey: Guid(498ab23c9cbee7845b2c689473697044) Importer(815301076,1909f56bfc062723c751e8b465ee728b)
Start importing Assets/3rd Party Stuff/Polygon-Lite Survival Collection/Prefabs/SM_Scrap_Metal_02.prefab using Guid(498ab23c9cbee7845b2c689473697044) Importer(815301076,1909f56bfc062723c751e8b465ee728b)  -> (artifact id: '88acfec829d9fc51e84e8b1d4ac53661') in 0.029147 seconds 
========================================================================
Received Import Request.
  Time since last request: 14.039759 seconds.
  path: Assets/3rd Party Stuff/Polygon-Lite Survival Collection/Prefabs/SM_Magazine_For_Army_Pistol.prefab
  artifactKey: Guid(5d6c8044d7125364a83e2ab1c71c4ed5) Importer(815301076,1909f56bfc062723c751e8b465ee728b)
Start importing Assets/3rd Party Stuff/Polygon-Lite Survival Collection/Prefabs/SM_Magazine_For_Army_Pistol.prefab using Guid(5d6c8044d7125364a83e2ab1c71c4ed5) Importer(815301076,1909f56bfc062723c751e8b465ee728b)  -> (artifact id: '74f5749e75f7181abea44f2d3d63dc0a') in 0.031202 seconds 
========================================================================
Received Import Request.
  Time since last request: 0.000030 seconds.
  path: Assets/3rd Party Stuff/Polygon-Lite Survival Collection/Prefabs/SM_Magazine_For_Special_Submachine_Gun_Empty.prefab
  artifactKey: Guid(6cc25e1b147c93248987a6b4e5deee90) Importer(815301076,1909f56bfc062723c751e8b465ee728b)
Start importing Assets/3rd Party Stuff/Polygon-Lite Survival Collection/Prefabs/SM_Magazine_For_Special_Submachine_Gun_Empty.prefab using Guid(6cc25e1b147c93248987a6b4e5deee90) Importer(815301076,1909f56bfc062723c751e8b465ee728b)  -> (artifact id: '2504d4d494187cfa37cb0dc674c5874b') in 0.033234 seconds 
========================================================================
Received Import Request.
  Time since last request: 8.204713 seconds.
  path: Assets/3rd Party Stuff/Polygon-Lite Survival Collection/Prefabs/SM_Large_Magazine_For_Army_Pistol_Empty.prefab
  artifactKey: Guid(3ae47a629d31e6545976a65007848e7c) Importer(815301076,1909f56bfc062723c751e8b465ee728b)
Start importing Assets/3rd Party Stuff/Polygon-Lite Survival Collection/Prefabs/SM_Large_Magazine_For_Army_Pistol_Empty.prefab using Guid(3ae47a629d31e6545976a65007848e7c) Importer(815301076,1909f56bfc062723c751e8b465ee728b)  -> (artifact id: '5ca11db2810607c587f9a6ecd6b6c469') in 0.028602 seconds 
========================================================================
Received Import Request.
  Time since last request: 217.930526 seconds.
  path: Assets/3rd Party Stuff/RPGPP_LT/Prefabs/Props/Wall_decor/Banners/rpgpp_lt_banner_01a.prefab
  artifactKey: Guid(e1032c9b5d7d362489670d42997dceb5) Importer(815301076,1909f56bfc062723c751e8b465ee728b)
Start importing Assets/3rd Party Stuff/RPGPP_LT/Prefabs/Props/Wall_decor/Banners/rpgpp_lt_banner_01a.prefab using Guid(e1032c9b5d7d362489670d42997dceb5) Importer(815301076,1909f56bfc062723c751e8b465ee728b)  -> (artifact id: '1fc3240b91dcbe3545e97b5818d6007c') in 0.024741 seconds 
========================================================================
Received Import Request.
  Time since last request: 64.229252 seconds.
  path: Assets/3rd Party Stuff/Polygon-Lite Survival Collection/Prefabs/Tent.prefab
  artifactKey: Guid(b5991b8efe7e0044888b9058f6d3119f) Importer(815301076,1909f56bfc062723c751e8b465ee728b)
Start importing Assets/3rd Party Stuff/Polygon-Lite Survival Collection/Prefabs/Tent.prefab using Guid(b5991b8efe7e0044888b9058f6d3119f) Importer(815301076,1909f56bfc062723c751e8b465ee728b)  -> (artifact id: '5d1ab91e71e8dbeb26a7d973bd9667b5') in 0.018074 seconds 
========================================================================
Received Import Request.
  Time since last request: 6.870674 seconds.
  path: Assets/3rd Party Stuff/Polygon-Lite Survival Collection/Scenes/Demonstration.unity
  artifactKey: Guid(e2916c4108f345f438e9995edfb6b4f8) Importer(815301076,1909f56bfc062723c751e8b465ee728b)
Start importing Assets/3rd Party Stuff/Polygon-Lite Survival Collection/Scenes/Demonstration.unity using Guid(e2916c4108f345f438e9995edfb6b4f8) Importer(815301076,1909f56bfc062723c751e8b465ee728b)  -> (artifact id: 'bd3660bd9195c79767e7c38ae1284572') in 0.008926 seconds 
========================================================================
Received Import Request.
  Time since last request: 2.867091 seconds.
  path: Assets/3rd Party Stuff/Polygon-Lite Survival Collection/Scenes/Demonstration
  artifactKey: Guid(0065479a43a984e4b904a10c73ebc547) Importer(815301076,1909f56bfc062723c751e8b465ee728b)
Start importing Assets/3rd Party Stuff/Polygon-Lite Survival Collection/Scenes/Demonstration using Guid(0065479a43a984e4b904a10c73ebc547) Importer(815301076,1909f56bfc062723c751e8b465ee728b)  -> (artifact id: 'a1c8d83f2e3c13a3e51dd33c005e631b') in 0.009192 seconds 
========================================================================
Received Import Request.
  Time since last request: 5.781185 seconds.
  path: Assets/3rd Party Stuff/Polygon-Lite Survival Collection/Textures/Polygon_Texture.png
  artifactKey: Guid(da3cc78bab11e764ab7a3ae73c6799d1) Importer(815301076,1909f56bfc062723c751e8b465ee728b)
Start importing Assets/3rd Party Stuff/Polygon-Lite Survival Collection/Textures/Polygon_Texture.png using Guid(da3cc78bab11e764ab7a3ae73c6799d1) Importer(815301076,1909f56bfc062723c751e8b465ee728b)  -> (artifact id: '95e601ce65a3633dbc36b486ca5be9b2') in 0.022080 seconds 
========================================================================
Received Import Request.
  Time since last request: 1306.707590 seconds.
  path: Assets/3rd Party Stuff/LowPolyFarmLite/Prefabs/Cabbage_01.prefab
  artifactKey: Guid(aec8969d0290c6d4cbc587ef85a01ce4) Importer(815301076,1909f56bfc062723c751e8b465ee728b)
Start importing Assets/3rd Party Stuff/LowPolyFarmLite/Prefabs/Cabbage_01.prefab using Guid(aec8969d0290c6d4cbc587ef85a01ce4) Importer(815301076,1909f56bfc062723c751e8b465ee728b)  -> (artifact id: '95bdba9a2493f5917f0e70a8cd0b9cc0') in 0.021768 seconds 
========================================================================
Received Import Request.
  Time since last request: 0.000036 seconds.
  path: Assets/3rd Party Stuff/LowPolyFarmLite/Prefabs/WateringCan_01.prefab
  artifactKey: Guid(8877f4aac7d3c184ea4954647487e084) Importer(815301076,1909f56bfc062723c751e8b465ee728b)
Start importing Assets/3rd Party Stuff/LowPolyFarmLite/Prefabs/WateringCan_01.prefab using Guid(8877f4aac7d3c184ea4954647487e084) Importer(815301076,1909f56bfc062723c751e8b465ee728b)  -> (artifact id: '89eb467258f3d98dc6b4a566a927a16f') in 0.015099 seconds 
========================================================================
Received Import Request.
  Time since last request: 89.490611 seconds.
  path: Assets/3rd Party Stuff/Pure Poly
  artifactKey: Guid(33491157df179014c93a3fe4bd5df9ed) Importer(815301076,1909f56bfc062723c751e8b465ee728b)
Start importing Assets/3rd Party Stuff/Pure Poly using Guid(33491157df179014c93a3fe4bd5df9ed) Importer(815301076,1909f56bfc062723c751e8b465ee728b)  -> (artifact id: '672745201ddc3e902d3a531b3f093afe') in 0.017649 seconds 
========================================================================
Received Import Request.
  Time since last request: 0.795935 seconds.
  path: Assets/3rd Party Stuff/Pure Poly/Free Low Poly Nature Pack
  artifactKey: Guid(1c7b5260fac63e145bd73cdaa62c8f6a) Importer(815301076,1909f56bfc062723c751e8b465ee728b)
Start importing Assets/3rd Party Stuff/Pure Poly/Free Low Poly Nature Pack using Guid(1c7b5260fac63e145bd73cdaa62c8f6a) Importer(815301076,1909f56bfc062723c751e8b465ee728b)  -> (artifact id: 'aa6204a33092165753be989e1101a06e') in 0.008816 seconds 
========================================================================
Received Import Request.
  Time since last request: 3.020721 seconds.
  path: Assets/3rd Party Stuff/Pure Poly/Free Low Poly Nature Pack/Materials
  artifactKey: Guid(8ebb527547e00834bb38dd05f7664656) Importer(815301076,1909f56bfc062723c751e8b465ee728b)
Start importing Assets/3rd Party Stuff/Pure Poly/Free Low Poly Nature Pack/Materials using Guid(8ebb527547e00834bb38dd05f7664656) Importer(815301076,1909f56bfc062723c751e8b465ee728b)  -> (artifact id: '3432b551c9bbe8dceabfc038bfa6bf37') in 0.002370 seconds 
========================================================================
Received Import Request.
  Time since last request: 6.506962 seconds.
  path: Assets/3rd Party Stuff/Pure Poly/Read Me.pdf
  artifactKey: Guid(3a18b6debda473d48bab002010eab469) Importer(815301076,1909f56bfc062723c751e8b465ee728b)
Start importing Assets/3rd Party Stuff/Pure Poly/Read Me.pdf using Guid(3a18b6debda473d48bab002010eab469) Importer(815301076,1909f56bfc062723c751e8b465ee728b)  -> (artifact id: '82fc671dc69e2470c9c6e5cb08748f35') in 0.011378 seconds 
========================================================================
Received Import Request.
  Time since last request: 29.994767 seconds.
  path: Assets/3rd Party Stuff/Pure Poly/Textures
  artifactKey: Guid(97a7145d15ddffb43b6af48c743a474a) Importer(815301076,1909f56bfc062723c751e8b465ee728b)
Start importing Assets/3rd Party Stuff/Pure Poly/Textures using Guid(97a7145d15ddffb43b6af48c743a474a) Importer(815301076,1909f56bfc062723c751e8b465ee728b)  -> (artifact id: '4523e7e1fa9f0f6f1d4753b44031b7dc') in 0.008652 seconds 
========================================================================
Received Import Request.
  Time since last request: 0.089395 seconds.
  path: Assets/3rd Party Stuff/Pure Poly/Textures/PP_Color_Palette.png
  artifactKey: Guid(cffb506ec5b6cc94498def65473d32ed) Importer(815301076,1909f56bfc062723c751e8b465ee728b)
Start importing Assets/3rd Party Stuff/Pure Poly/Textures/PP_Color_Palette.png using Guid(cffb506ec5b6cc94498def65473d32ed) Importer(815301076,1909f56bfc062723c751e8b465ee728b)  -> (artifact id: '43d9dfe8443b07330bc30c0c15c06a21') in 0.025895 seconds 
========================================================================
Received Import Request.
  Time since last request: 1.387379 seconds.
  path: Assets/3rd Party Stuff/Pure Poly/Scenes
  artifactKey: Guid(6327ca9f9eb274c4099a6215c60fd47a) Importer(815301076,1909f56bfc062723c751e8b465ee728b)
Start importing Assets/3rd Party Stuff/Pure Poly/Scenes using Guid(6327ca9f9eb274c4099a6215c60fd47a) Importer(815301076,1909f56bfc062723c751e8b465ee728b)  -> (artifact id: 'aa19084b5b5b5af42eb28f171e1e905a') in 0.008405 seconds 
========================================================================
Received Import Request.
  Time since last request: 1.861720 seconds.
  path: Assets/3rd Party Stuff/Pure Poly/Scenes/Demo_01.unity
  artifactKey: Guid(164fc101ab8f1584d9f3f9772734e457) Importer(815301076,1909f56bfc062723c751e8b465ee728b)
Start importing Assets/3rd Party Stuff/Pure Poly/Scenes/Demo_01.unity using Guid(164fc101ab8f1584d9f3f9772734e457) Importer(815301076,1909f56bfc062723c751e8b465ee728b)  -> (artifact id: '3d4c22e491a51ad4331206c8a5c54267') in 0.009182 seconds 
========================================================================
Received Import Request.
  Time since last request: 4.885487 seconds.
  path: Assets/3rd Party Stuff/Pure Poly/Prefabs
  artifactKey: Guid(33d9da17d5975244db32a765fa368621) Importer(815301076,1909f56bfc062723c751e8b465ee728b)
Start importing Assets/3rd Party Stuff/Pure Poly/Prefabs using Guid(33d9da17d5975244db32a765fa368621) Importer(815301076,1909f56bfc062723c751e8b465ee728b)  -> (artifact id: '088c0757c9d533843cdc2a6b80549684') in 0.008377 seconds 
========================================================================
Received Import Request.
  Time since last request: 0.087760 seconds.
  path: Assets/3rd Party Stuff/Pure Poly/Prefabs/PP_Birch_Tree_05.prefab
  artifactKey: Guid(2554008d6447a2540b44e55f0c0b576e) Importer(815301076,1909f56bfc062723c751e8b465ee728b)
Start importing Assets/3rd Party Stuff/Pure Poly/Prefabs/PP_Birch_Tree_05.prefab using Guid(2554008d6447a2540b44e55f0c0b576e) Importer(815301076,1909f56bfc062723c751e8b465ee728b)  -> (artifact id: 'a453028e7cbe68543da02b0c42d3ba3f') in 0.029504 seconds 
========================================================================
Received Import Request.
  Time since last request: 0.000026 seconds.
  path: Assets/3rd Party Stuff/Pure Poly/Prefabs/PP_Mushroom_Fantasy_Orange_09.prefab
  artifactKey: Guid(0ab22827d0f3f0b40a97e9430d684283) Importer(815301076,1909f56bfc062723c751e8b465ee728b)
Start importing Assets/3rd Party Stuff/Pure Poly/Prefabs/PP_Mushroom_Fantasy_Orange_09.prefab using Guid(0ab22827d0f3f0b40a97e9430d684283) Importer(815301076,1909f56bfc062723c751e8b465ee728b)  -> (artifact id: 'fc0b06584791de79afd9f52265ba531d') in 0.024330 seconds 
========================================================================
Received Import Request.
  Time since last request: 0.000027 seconds.
  path: Assets/3rd Party Stuff/Pure Poly/Prefabs/PP_Meadow_07.prefab
  artifactKey: Guid(cf22a2db10f09a34495e9f83913738c8) Importer(815301076,1909f56bfc062723c751e8b465ee728b)
Start importing Assets/3rd Party Stuff/Pure Poly/Prefabs/PP_Meadow_07.prefab using Guid(cf22a2db10f09a34495e9f83913738c8) Importer(815301076,1909f56bfc062723c751e8b465ee728b)  -> (artifact id: 'be2b60aa3f3fffc912994a150591ec36') in 0.021334 seconds 
========================================================================
Received Import Request.
  Time since last request: 0.000025 seconds.
  path: Assets/3rd Party Stuff/Pure Poly/Prefabs/PP_Tree_02.prefab
  artifactKey: Guid(e133dac167ef59c40b7678ba58107c6a) Importer(815301076,1909f56bfc062723c751e8b465ee728b)
Start importing Assets/3rd Party Stuff/Pure Poly/Prefabs/PP_Tree_02.prefab using Guid(e133dac167ef59c40b7678ba58107c6a) Importer(815301076,1909f56bfc062723c751e8b465ee728b)  -> (artifact id: '3e4bcd023bc023594ec92441cb47bd10') in 0.022957 seconds 
========================================================================
Received Import Request.
  Time since last request: 0.000020 seconds.
  path: Assets/3rd Party Stuff/Pure Poly/Prefabs/PP_Forest_Mountain_Moss_01.prefab
  artifactKey: Guid(512b72c73a22e904d87662ebca8eb1e1) Importer(815301076,1909f56bfc062723c751e8b465ee728b)
Start importing Assets/3rd Party Stuff/Pure Poly/Prefabs/PP_Forest_Mountain_Moss_01.prefab using Guid(512b72c73a22e904d87662ebca8eb1e1) Importer(815301076,1909f56bfc062723c751e8b465ee728b)  -> (artifact id: '5fb6bc35adc1e763ee574b3318f7933a') in 0.019015 seconds 
========================================================================
Received Import Request.
  Time since last request: 0.000029 seconds.
  path: Assets/3rd Party Stuff/Pure Poly/Prefabs/PP_Rock_Moss_Grown_11.prefab
  artifactKey: Guid(a524090786e7ba545bd5ce3d24c9a3fb) Importer(815301076,1909f56bfc062723c751e8b465ee728b)
Start importing Assets/3rd Party Stuff/Pure Poly/Prefabs/PP_Rock_Moss_Grown_11.prefab using Guid(a524090786e7ba545bd5ce3d24c9a3fb) Importer(815301076,1909f56bfc062723c751e8b465ee728b)  -> (artifact id: 'f92f7124209950cf90c9dc1d06559631') in 0.020327 seconds 
========================================================================
Received Import Request.
  Time since last request: 0.000025 seconds.
  path: Assets/3rd Party Stuff/Pure Poly/Prefabs/PP_Mushroom_Fantasy_Orange_10.prefab
  artifactKey: Guid(eae42a57b046b1a42a79ae6319bccca3) Importer(815301076,1909f56bfc062723c751e8b465ee728b)
Start importing Assets/3rd Party Stuff/Pure Poly/Prefabs/PP_Mushroom_Fantasy_Orange_10.prefab using Guid(eae42a57b046b1a42a79ae6319bccca3) Importer(815301076,1909f56bfc062723c751e8b465ee728b)  -> (artifact id: '1ee67d3e4a552ee79142a7aee24cb845') in 0.019413 seconds 
========================================================================
Received Import Request.
  Time since last request: 0.000030 seconds.
  path: Assets/3rd Party Stuff/Pure Poly/Prefabs/PP_Lake_Ground_04.prefab
  artifactKey: Guid(66072c42e7f38924f90a2ea3e36cc606) Importer(815301076,1909f56bfc062723c751e8b465ee728b)
Start importing Assets/3rd Party Stuff/Pure Poly/Prefabs/PP_Lake_Ground_04.prefab using Guid(66072c42e7f38924f90a2ea3e36cc606) Importer(815301076,1909f56bfc062723c751e8b465ee728b)  -> (artifact id: '4438cd2aca869e1f35595f6e83b8dcc1') in 0.020597 seconds 
========================================================================
Received Import Request.
  Time since last request: 0.000030 seconds.
  path: Assets/3rd Party Stuff/Pure Poly/Prefabs/PP_Forest_Mountain_Moss_02.prefab
  artifactKey: Guid(034023ff02a37fc47aab6bc6c49bf15b) Importer(815301076,1909f56bfc062723c751e8b465ee728b)
Start importing Assets/3rd Party Stuff/Pure Poly/Prefabs/PP_Forest_Mountain_Moss_02.prefab using Guid(034023ff02a37fc47aab6bc6c49bf15b) Importer(815301076,1909f56bfc062723c751e8b465ee728b)  -> (artifact id: '8692c7f8279e0ff5886ea49a214657be') in 0.021140 seconds 
========================================================================
Received Import Request.
  Time since last request: 0.000111 seconds.
  path: Assets/3rd Party Stuff/Pure Poly/Prefabs/PP_Rock_Pile_Forest_Moss_10.prefab
  artifactKey: Guid(c8134dd87be4906419f13922ddc5bf4f) Importer(815301076,1909f56bfc062723c751e8b465ee728b)
Start importing Assets/3rd Party Stuff/Pure Poly/Prefabs/PP_Rock_Pile_Forest_Moss_10.prefab using Guid(c8134dd87be4906419f13922ddc5bf4f) Importer(815301076,1909f56bfc062723c751e8b465ee728b)  -> (artifact id: 'd1671774517950443429235a47332931') in 0.018574 seconds 
========================================================================
Received Import Request.
  Time since last request: 0.000022 seconds.
  path: Assets/3rd Party Stuff/Pure Poly/Prefabs/PP_Tree_10.prefab
  artifactKey: Guid(273b8f4150121d249ac7e2fd11da7005) Importer(815301076,1909f56bfc062723c751e8b465ee728b)
Start importing Assets/3rd Party Stuff/Pure Poly/Prefabs/PP_Tree_10.prefab using Guid(273b8f4150121d249ac7e2fd11da7005) Importer(815301076,1909f56bfc062723c751e8b465ee728b)  -> (artifact id: '7089dac06e37a115eaa24fb02498f1c1') in 0.017956 seconds 
========================================================================
Received Import Request.
  Time since last request: 0.000024 seconds.
  path: Assets/3rd Party Stuff/Pure Poly/Prefabs/PP_Grass_11.prefab
  artifactKey: Guid(ef62619642b0df743b22dd5120c6ac4d) Importer(815301076,1909f56bfc062723c751e8b465ee728b)
Start importing Assets/3rd Party Stuff/Pure Poly/Prefabs/PP_Grass_11.prefab using Guid(ef62619642b0df743b22dd5120c6ac4d) Importer(815301076,1909f56bfc062723c751e8b465ee728b)  -> (artifact id: '389f310f55f5c5fd2fa24058604e8034') in 0.018835 seconds 
========================================================================
Received Import Request.
  Time since last request: 1.536178 seconds.
  path: Assets/3rd Party Stuff/Pure Poly/Meshes
  artifactKey: Guid(daf6e58a4fe044f40860d20387bacd06) Importer(815301076,1909f56bfc062723c751e8b465ee728b)
Start importing Assets/3rd Party Stuff/Pure Poly/Meshes using Guid(daf6e58a4fe044f40860d20387bacd06) Importer(815301076,1909f56bfc062723c751e8b465ee728b)  -> (artifact id: '509dc1609e76583bc59692c4a01b160e') in 0.008394 seconds 
========================================================================
Received Import Request.
  Time since last request: 162.922221 seconds.
  path: Assets/3rd Party Stuff/Pure Poly/Prefabs/PP_Mushroom_Fantasy_Orange_10.prefab
  artifactKey: Guid(eae42a57b046b1a42a79ae6319bccca3) Importer(815301076,1909f56bfc062723c751e8b465ee728b)
Start importing Assets/3rd Party Stuff/Pure Poly/Prefabs/PP_Mushroom_Fantasy_Orange_10.prefab using Guid(eae42a57b046b1a42a79ae6319bccca3) Importer(815301076,1909f56bfc062723c751e8b465ee728b)  -> (artifact id: '8f7033c16de3d8bef1bb113c238331d5') in 0.013429 seconds 
========================================================================
Received Import Request.
  Time since last request: 0.000030 seconds.
  path: Assets/3rd Party Stuff/Pure Poly/Prefabs/PP_Mushroom_Fantasy_Purple_05.prefab
  artifactKey: Guid(d354c41a99993964baca0254487708d1) Importer(815301076,1909f56bfc062723c751e8b465ee728b)
Start importing Assets/3rd Party Stuff/Pure Poly/Prefabs/PP_Mushroom_Fantasy_Purple_05.prefab using Guid(d354c41a99993964baca0254487708d1) Importer(815301076,1909f56bfc062723c751e8b465ee728b)  -> (artifact id: '7a6a0c47409a73151067676368aeb253') in 0.016065 seconds 
========================================================================
Received Import Request.
  Time since last request: 78.728754 seconds.
  path: Assets/3rd Party Stuff/Pure Poly/Meshes/PP_Birch_Tree_06.fbx
  artifactKey: Guid(ddd36401006c8654eae1d9a6bcd6380d) Importer(815301076,1909f56bfc062723c751e8b465ee728b)
Start importing Assets/3rd Party Stuff/Pure Poly/Meshes/PP_Birch_Tree_06.fbx using Guid(ddd36401006c8654eae1d9a6bcd6380d) Importer(815301076,1909f56bfc062723c751e8b465ee728b)  -> (artifact id: '32e4de9b6774cc3654cd7ef48f61b0b0') in 0.029492 seconds 
========================================================================
Received Import Request.
  Time since last request: 0.000022 seconds.
  path: Assets/3rd Party Stuff/Pure Poly/Meshes/PP_Mushroom_Fantasy_Orange_10.fbx
  artifactKey: Guid(769bcb364254fc84f86c3bde2b625a9f) Importer(815301076,1909f56bfc062723c751e8b465ee728b)
Start importing Assets/3rd Party Stuff/Pure Poly/Meshes/PP_Mushroom_Fantasy_Orange_10.fbx using Guid(769bcb364254fc84f86c3bde2b625a9f) Importer(815301076,1909f56bfc062723c751e8b465ee728b)  -> (artifact id: '7099ffdc9a2279519d4350fbe2462a40') in 0.023297 seconds 
========================================================================
Received Import Request.
  Time since last request: 0.000021 seconds.
  path: Assets/3rd Party Stuff/Pure Poly/Meshes/PP_Forest_Mountain_Moss_01.fbx
  artifactKey: Guid(d818648c1b009ab48a03dbcc4ae09583) Importer(815301076,1909f56bfc062723c751e8b465ee728b)
Start importing Assets/3rd Party Stuff/Pure Poly/Meshes/PP_Forest_Mountain_Moss_01.fbx using Guid(d818648c1b009ab48a03dbcc4ae09583) Importer(815301076,1909f56bfc062723c751e8b465ee728b)  -> (artifact id: 'b1cdd7e77c4f67e14b84d8382734ae25') in 0.023802 seconds 
========================================================================
Received Import Request.
  Time since last request: 0.000019 seconds.
  path: Assets/3rd Party Stuff/Pure Poly/Meshes/PP_Meadow_Path_05.fbx
  artifactKey: Guid(324d33f3ad1481c4e8ba55d696fe64d9) Importer(815301076,1909f56bfc062723c751e8b465ee728b)
Start importing Assets/3rd Party Stuff/Pure Poly/Meshes/PP_Meadow_Path_05.fbx using Guid(324d33f3ad1481c4e8ba55d696fe64d9) Importer(815301076,1909f56bfc062723c751e8b465ee728b)  -> (artifact id: 'bb1a6e5050632fd436001a3d0adc6d83') in 0.023398 seconds 
========================================================================
Received Import Request.
  Time since last request: 0.000026 seconds.
  path: Assets/3rd Party Stuff/Pure Poly/Meshes/PP_Sunflower_04.fbx
  artifactKey: Guid(5374e258aa8b0a54b9ad017e47f849ec) Importer(815301076,1909f56bfc062723c751e8b465ee728b)
Start importing Assets/3rd Party Stuff/Pure Poly/Meshes/PP_Sunflower_04.fbx using Guid(5374e258aa8b0a54b9ad017e47f849ec) Importer(815301076,1909f56bfc062723c751e8b465ee728b)  -> (artifact id: '73539a6ef42f561377a761ca9b0d62d4') in 0.025659 seconds 
========================================================================
Received Import Request.
  Time since last request: 0.000031 seconds.
  path: Assets/3rd Party Stuff/Pure Poly/Meshes/PP_Forest_Mountain_Moss_02.fbx
  artifactKey: Guid(0a4e8c0b5a685eb4394da10424e65a7a) Importer(815301076,1909f56bfc062723c751e8b465ee728b)
Start importing Assets/3rd Party Stuff/Pure Poly/Meshes/PP_Forest_Mountain_Moss_02.fbx using Guid(0a4e8c0b5a685eb4394da10424e65a7a) Importer(815301076,1909f56bfc062723c751e8b465ee728b)  -> (artifact id: '2e956672f45e9b5062b70c09d095e8bf') in 0.024014 seconds 
========================================================================
Received Import Request.
  Time since last request: 0.000044 seconds.
  path: Assets/3rd Party Stuff/Pure Poly/Meshes/PP_Meadow_08.fbx
  artifactKey: Guid(08eefc2f613faa34fbb717ac2142af0a) Importer(815301076,1909f56bfc062723c751e8b465ee728b)
Start importing Assets/3rd Party Stuff/Pure Poly/Meshes/PP_Meadow_08.fbx using Guid(08eefc2f613faa34fbb717ac2142af0a) Importer(815301076,1909f56bfc062723c751e8b465ee728b)  -> (artifact id: '97d5fa0f8a521faeec8047e47ed23f4d') in 0.019994 seconds 
========================================================================
Received Import Request.
  Time since last request: 0.000026 seconds.
  path: Assets/3rd Party Stuff/Pure Poly/Meshes/PP_Rock_Pile_Forest_Moss_05.fbx
  artifactKey: Guid(b0ba9b7cecd675b45894beca57389899) Importer(815301076,1909f56bfc062723c751e8b465ee728b)
Start importing Assets/3rd Party Stuff/Pure Poly/Meshes/PP_Rock_Pile_Forest_Moss_05.fbx using Guid(b0ba9b7cecd675b45894beca57389899) Importer(815301076,1909f56bfc062723c751e8b465ee728b)  -> (artifact id: 'c9b2a558cd5e0cbfb7cddfc7e2fbd1dc') in 0.023106 seconds 
========================================================================
Received Import Request.
  Time since last request: 0.000018 seconds.
  path: Assets/3rd Party Stuff/Pure Poly/Meshes/PP_Grass_11.fbx
  artifactKey: Guid(b50dd34feb8fa1b4fa5aa0a7d2271066) Importer(815301076,1909f56bfc062723c751e8b465ee728b)
Start importing Assets/3rd Party Stuff/Pure Poly/Meshes/PP_Grass_11.fbx using Guid(b50dd34feb8fa1b4fa5aa0a7d2271066) Importer(815301076,1909f56bfc062723c751e8b465ee728b)  -> (artifact id: 'db8acddc0ff17b694f8fa22d3f2cb2ff') in 0.025006 seconds 
========================================================================
Received Import Request.
  Time since last request: 0.000020 seconds.
  path: Assets/3rd Party Stuff/Pure Poly/Meshes/PP_Rock_Moss_Grown_09.fbx
  artifactKey: Guid(3184c8a016da6e34abff1686da99650b) Importer(815301076,1909f56bfc062723c751e8b465ee728b)
Start importing Assets/3rd Party Stuff/Pure Poly/Meshes/PP_Rock_Moss_Grown_09.fbx using Guid(3184c8a016da6e34abff1686da99650b) Importer(815301076,1909f56bfc062723c751e8b465ee728b)  -> (artifact id: 'd075a93fedd568e27fde6a1de4844e24') in 0.022843 seconds 
========================================================================
Received Import Request.
  Time since last request: 0.000019 seconds.
  path: Assets/3rd Party Stuff/Pure Poly/Meshes/PP_Tree_02.fbx
  artifactKey: Guid(c6b568bf9e55de141add501b8cd2a0e9) Importer(815301076,1909f56bfc062723c751e8b465ee728b)
Start importing Assets/3rd Party Stuff/Pure Poly/Meshes/PP_Tree_02.fbx using Guid(c6b568bf9e55de141add501b8cd2a0e9) Importer(815301076,1909f56bfc062723c751e8b465ee728b)  -> (artifact id: 'bdbba0e95ee5db8c32e0ee50983dcbfc') in 0.019741 seconds 
========================================================================
Received Import Request.
  Time since last request: 0.000016 seconds.
  path: Assets/3rd Party Stuff/Pure Poly/Meshes/PP_Rock_Pile_Forest_Moss_10.fbx
  artifactKey: Guid(7ea25f0f06a711d48a2bd754e29ecb0e) Importer(815301076,1909f56bfc062723c751e8b465ee728b)
Start importing Assets/3rd Party Stuff/Pure Poly/Meshes/PP_Rock_Pile_Forest_Moss_10.fbx using Guid(7ea25f0f06a711d48a2bd754e29ecb0e) Importer(815301076,1909f56bfc062723c751e8b465ee728b)  -> (artifact id: '114755ca91e892335502396ffc4bd68c') in 0.019748 seconds 
========================================================================
Received Import Request.
  Time since last request: 29.321179 seconds.
  path: Assets/3rd Party Stuff/RPGPP_LT/Models/Props/rpgpp_lt_chair_01b.fbx
  artifactKey: Guid(c23d7dd34e2d29a42bf0998f5f20de59) Importer(815301076,1909f56bfc062723c751e8b465ee728b)
Start importing Assets/3rd Party Stuff/RPGPP_LT/Models/Props/rpgpp_lt_chair_01b.fbx using Guid(c23d7dd34e2d29a42bf0998f5f20de59) Importer(815301076,1909f56bfc062723c751e8b465ee728b)  -> (artifact id: '2e16623548d42a1a18b9b28f7e9895e8') in 0.029869 seconds 
========================================================================
Received Import Request.
  Time since last request: 0.000023 seconds.
  path: Assets/3rd Party Stuff/RPGPP_LT/Models/Props/rpgpp_lt_shield_wall_01b.fbx
  artifactKey: Guid(ea48d15a3d30c4943927bc8edcd3ff96) Importer(815301076,1909f56bfc062723c751e8b465ee728b)
Start importing Assets/3rd Party Stuff/RPGPP_LT/Models/Props/rpgpp_lt_shield_wall_01b.fbx using Guid(ea48d15a3d30c4943927bc8edcd3ff96) Importer(815301076,1909f56bfc062723c751e8b465ee728b)  -> (artifact id: '22c9e2213cac21f8d76ef181030c143d') in 0.025669 seconds 
========================================================================
Received Import Request.
  Time since last request: 0.000020 seconds.
  path: Assets/3rd Party Stuff/RPGPP_LT/Models/Props/rpgpp_lt_log_wood_01.fbx
  artifactKey: Guid(83ca3216726525148a325296526fcfa7) Importer(815301076,1909f56bfc062723c751e8b465ee728b)
Start importing Assets/3rd Party Stuff/RPGPP_LT/Models/Props/rpgpp_lt_log_wood_01.fbx using Guid(83ca3216726525148a325296526fcfa7) Importer(815301076,1909f56bfc062723c751e8b465ee728b)  -> (artifact id: 'da02c734e1cd0f8695352b924d003f26') in 0.024553 seconds 
========================================================================
Received Import Request.
  Time since last request: 0.000021 seconds.
  path: Assets/3rd Party Stuff/RPGPP_LT/Models/Props/rpgpp_lt_wood_path_01b.fbx
  artifactKey: Guid(f867a2534aa85914d9e6b62f681cdf69) Importer(815301076,1909f56bfc062723c751e8b465ee728b)
Start importing Assets/3rd Party Stuff/RPGPP_LT/Models/Props/rpgpp_lt_wood_path_01b.fbx using Guid(f867a2534aa85914d9e6b62f681cdf69) Importer(815301076,1909f56bfc062723c751e8b465ee728b)  -> (artifact id: 'bddba4d276b33d57d5dcbd7df5dfd42b') in 0.018322 seconds 
========================================================================
Received Import Request.
  Time since last request: 0.000025 seconds.
  path: Assets/3rd Party Stuff/RPGPP_LT/Models/Props/rpgpp_lt_table_01.fbx
  artifactKey: Guid(16c4b1c9bf28bc44eab122106a0e4864) Importer(815301076,1909f56bfc062723c751e8b465ee728b)
Start importing Assets/3rd Party Stuff/RPGPP_LT/Models/Props/rpgpp_lt_table_01.fbx using Guid(16c4b1c9bf28bc44eab122106a0e4864) Importer(815301076,1909f56bfc062723c751e8b465ee728b)  -> (artifact id: 'f856b3a1f716e04d12c894517cc2a24c') in 0.030166 seconds 
========================================================================
Received Import Request.
  Time since last request: 0.000019 seconds.
  path: Assets/3rd Party Stuff/RPGPP_LT/Models/Props/rpgpp_lt_sack_01.fbx
  artifactKey: Guid(8f07894e139232f4fb48b79133ad05fa) Importer(815301076,1909f56bfc062723c751e8b465ee728b)
Start importing Assets/3rd Party Stuff/RPGPP_LT/Models/Props/rpgpp_lt_sack_01.fbx using Guid(8f07894e139232f4fb48b79133ad05fa) Importer(815301076,1909f56bfc062723c751e8b465ee728b)  -> (artifact id: '7b0c6aa5e676f4c475b21b99386d11b2') in 0.025003 seconds 
========================================================================
Received Import Request.
  Time since last request: 0.000032 seconds.
  path: Assets/3rd Party Stuff/RPGPP_LT/Models/Props/rpgpp_lt_sack_open_01.fbx
  artifactKey: Guid(1716e599fb056014ca8f5786b3a82fcf) Importer(815301076,1909f56bfc062723c751e8b465ee728b)
Start importing Assets/3rd Party Stuff/RPGPP_LT/Models/Props/rpgpp_lt_sack_open_01.fbx using Guid(1716e599fb056014ca8f5786b3a82fcf) Importer(815301076,1909f56bfc062723c751e8b465ee728b)  -> (artifact id: '89577253e20b986345141c79f3585b2a') in 0.025413 seconds 
========================================================================
Received Import Request.
  Time since last request: 0.000022 seconds.
  path: Assets/3rd Party Stuff/RPGPP_LT/Models/Props/rpgpp_lt_well_01.fbx
  artifactKey: Guid(54708add4b909204cb861ed2bd2cfcdf) Importer(815301076,1909f56bfc062723c751e8b465ee728b)
Start importing Assets/3rd Party Stuff/RPGPP_LT/Models/Props/rpgpp_lt_well_01.fbx using Guid(54708add4b909204cb861ed2bd2cfcdf) Importer(815301076,1909f56bfc062723c751e8b465ee728b)  -> (artifact id: '0aff621bcba36e06e754d3db4eaebe16') in 0.029752 seconds 
========================================================================
Received Import Request.
  Time since last request: 3.554320 seconds.
  path: Assets/3rd Party Stuff/RPGPP_LT/Models/Structures/rpgpp_lt_building_02.fbx
  artifactKey: Guid(3ad660daf3a1e02458b9f3eca418861a) Importer(815301076,1909f56bfc062723c751e8b465ee728b)
Start importing Assets/3rd Party Stuff/RPGPP_LT/Models/Structures/rpgpp_lt_building_02.fbx using Guid(3ad660daf3a1e02458b9f3eca418861a) Importer(815301076,1909f56bfc062723c751e8b465ee728b)  -> (artifact id: 'e26fc775ceedc0c10f25065ea302e9e0') in 0.035173 seconds 
========================================================================
Received Import Request.
  Time since last request: 0.000022 seconds.
  path: Assets/3rd Party Stuff/RPGPP_LT/Models/Structures/rpgpp_lt_building_05.fbx
  artifactKey: Guid(7d1c542ac0453aa40a248ffb042193c2) Importer(815301076,1909f56bfc062723c751e8b465ee728b)
Start importing Assets/3rd Party Stuff/RPGPP_LT/Models/Structures/rpgpp_lt_building_05.fbx using Guid(7d1c542ac0453aa40a248ffb042193c2) Importer(815301076,1909f56bfc062723c751e8b465ee728b)  -> (artifact id: 'b8b3acfb95f430224d96850b38a993ae') in 0.032707 seconds 
========================================================================
Received Import Request.
  Time since last request: 20.196131 seconds.
  path: Assets/3rd Party Stuff/RPGPP_LT/Models/Structures/rpgpp_lt_building_02.fbx
  artifactKey: Guid(3ad660daf3a1e02458b9f3eca418861a) Importer(815301076,1909f56bfc062723c751e8b465ee728b)
Start importing Assets/3rd Party Stuff/RPGPP_LT/Models/Structures/rpgpp_lt_building_02.fbx using Guid(3ad660daf3a1e02458b9f3eca418861a) Importer(815301076,1909f56bfc062723c751e8b465ee728b)  -> (artifact id: '7b189dea432855747e0a772f470d8068') in 0.029054 seconds 
========================================================================
Received Import Request.
  Time since last request: 0.000024 seconds.
  path: Assets/3rd Party Stuff/RPGPP_LT/Models/Structures/rpgpp_lt_building_04.fbx
  artifactKey: Guid(cc4034e4bb7d9cd418975561c7bcd316) Importer(815301076,1909f56bfc062723c751e8b465ee728b)
Start importing Assets/3rd Party Stuff/RPGPP_LT/Models/Structures/rpgpp_lt_building_04.fbx using Guid(cc4034e4bb7d9cd418975561c7bcd316) Importer(815301076,1909f56bfc062723c751e8b465ee728b)  -> (artifact id: '8dc582fd35f4bb000792f8a722141a12') in 0.030037 seconds 
========================================================================
Received Import Request.
  Time since last request: 82.923115 seconds.
  path: Assets/3rd Party Stuff/Pure Poly/Prefabs/PP_Birch_Tree_06.prefab
  artifactKey: Guid(a2bd798ea40c7e341aa61ad124d95342) Importer(815301076,1909f56bfc062723c751e8b465ee728b)
Start importing Assets/3rd Party Stuff/Pure Poly/Prefabs/PP_Birch_Tree_06.prefab using Guid(a2bd798ea40c7e341aa61ad124d95342) Importer(815301076,1909f56bfc062723c751e8b465ee728b)  -> (artifact id: '20aa2601f8b100fcf1e6d7f7fd4f7024') in 0.020953 seconds 
========================================================================
Received Import Request.
  Time since last request: 0.000019 seconds.
  path: Assets/3rd Party Stuff/Pure Poly/Prefabs/PP_Meadow_07.prefab
  artifactKey: Guid(cf22a2db10f09a34495e9f83913738c8) Importer(815301076,1909f56bfc062723c751e8b465ee728b)
Start importing Assets/3rd Party Stuff/Pure Poly/Prefabs/PP_Meadow_07.prefab using Guid(cf22a2db10f09a34495e9f83913738c8) Importer(815301076,1909f56bfc062723c751e8b465ee728b)  -> (artifact id: '056e02643e8e45f975ffb10800428006') in 0.021549 seconds 
========================================================================
Received Import Request.
  Time since last request: 0.000019 seconds.
  path: Assets/3rd Party Stuff/Pure Poly/Prefabs/PP_Forest_Mountain_Moss_01.prefab
  artifactKey: Guid(512b72c73a22e904d87662ebca8eb1e1) Importer(815301076,1909f56bfc062723c751e8b465ee728b)
Start importing Assets/3rd Party Stuff/Pure Poly/Prefabs/PP_Forest_Mountain_Moss_01.prefab using Guid(512b72c73a22e904d87662ebca8eb1e1) Importer(815301076,1909f56bfc062723c751e8b465ee728b)  -> (artifact id: 'e475b811d81de0b09f8f1712f05deba4') in 0.017733 seconds 
========================================================================
Received Import Request.
  Time since last request: 0.000019 seconds.
  path: Assets/3rd Party Stuff/Pure Poly/Prefabs/PP_Lake_Ground_04.prefab
  artifactKey: Guid(66072c42e7f38924f90a2ea3e36cc606) Importer(815301076,1909f56bfc062723c751e8b465ee728b)
Start importing Assets/3rd Party Stuff/Pure Poly/Prefabs/PP_Lake_Ground_04.prefab using Guid(66072c42e7f38924f90a2ea3e36cc606) Importer(815301076,1909f56bfc062723c751e8b465ee728b)  -> (artifact id: '0aec04e46491e8eef1372004e17a9fcb') in 0.019143 seconds 
========================================================================
Received Import Request.
  Time since last request: 0.000036 seconds.
  path: Assets/3rd Party Stuff/Pure Poly/Prefabs/PP_Forest_Mountain_Moss_02.prefab
  artifactKey: Guid(034023ff02a37fc47aab6bc6c49bf15b) Importer(815301076,1909f56bfc062723c751e8b465ee728b)
Start importing Assets/3rd Party Stuff/Pure Poly/Prefabs/PP_Forest_Mountain_Moss_02.prefab using Guid(034023ff02a37fc47aab6bc6c49bf15b) Importer(815301076,1909f56bfc062723c751e8b465ee728b)  -> (artifact id: '8b2ad8592f9312bb857e8590291048bd') in 0.017204 seconds 
========================================================================
Received Import Request.
  Time since last request: 0.000021 seconds.
  path: Assets/3rd Party Stuff/Pure Poly/Prefabs/PP_Meadow_Path_05.prefab
  artifactKey: Guid(d5b8de414112a004a82d0437b5f7a780) Importer(815301076,1909f56bfc062723c751e8b465ee728b)
Start importing Assets/3rd Party Stuff/Pure Poly/Prefabs/PP_Meadow_Path_05.prefab using Guid(d5b8de414112a004a82d0437b5f7a780) Importer(815301076,1909f56bfc062723c751e8b465ee728b)  -> (artifact id: 'd7c925da1b703987e01b85fea1f47e2f') in 0.015364 seconds 
Editor requested this worker to shutdown with reason: Scaling down because of idle timeout
AssetImportWorker is now disconnected from the server
Process exiting
Exiting without the bug reporter. Application will terminate with return code 0