Using pre-set license
Built from '2022.1/staging' branch; Version is '2022.1.15f1 (42973686a05c) revision 4364086'; Using compiler version '192829333'; Build Type 'Release'
OS: 'Windows 10  (10.0.19045) 64bit Core' Language: 'en' Physical Memory: 16215 MB
BatchMode: 1, IsHumanControllingUs: 0, StartBugReporterOnCrash: 0, Is64bit: 1, IsPro: 1

COMMAND LINE ARGUMENTS:
C:\Program Files\Unity\Hub\Editor\2022.1.15f1\Editor\Unity.exe
-adb2
-batchMode
-noUpm
-name
AssetImportWorker4
-projectPath
C:/Users/markt/Unity Games/DES 304 Light Gun Game/Light-Gun-Game
-logFile
Logs/AssetImportWorker4.log
-srvPort
58767
Successfully changed project path to: C:/Users/markt/Unity Games/DES 304 Light Gun Game/Light-Gun-Game
C:/Users/markt/Unity Games/DES 304 Light Gun Game/Light-Gun-Game
[UnityMemory] Configuration Parameters - Can be set up in boot.config
    "memorysetup-bucket-allocator-granularity=16"
    "memorysetup-bucket-allocator-bucket-count=8"
    "memorysetup-bucket-allocator-block-size=33554432"
    "memorysetup-bucket-allocator-block-count=8"
    "memorysetup-main-allocator-block-size=16777216"
    "memorysetup-thread-allocator-block-size=16777216"
    "memorysetup-gfx-main-allocator-block-size=16777216"
    "memorysetup-gfx-thread-allocator-block-size=16777216"
    "memorysetup-cache-allocator-block-size=4194304"
    "memorysetup-typetree-allocator-block-size=2097152"
    "memorysetup-profiler-bucket-allocator-granularity=16"
    "memorysetup-profiler-bucket-allocator-bucket-count=8"
    "memorysetup-profiler-bucket-allocator-block-size=33554432"
    "memorysetup-profiler-bucket-allocator-block-count=8"
    "memorysetup-profiler-allocator-block-size=16777216"
    "memorysetup-profiler-editor-allocator-block-size=1048576"
    "memorysetup-temp-allocator-size-main=16777216"
    "memorysetup-job-temp-allocator-block-size=2097152"
    "memorysetup-job-temp-allocator-block-size-background=1048576"
    "memorysetup-job-temp-allocator-reduction-small-platforms=262144"
    "memorysetup-temp-allocator-size-background-worker=32768"
    "memorysetup-temp-allocator-size-job-worker=262144"
    "memorysetup-temp-allocator-size-preload-manager=33554432"
    "memorysetup-temp-allocator-size-nav-mesh-worker=65536"
    "memorysetup-temp-allocator-size-audio-worker=65536"
    "memorysetup-temp-allocator-size-cloud-worker=32768"
    "memorysetup-temp-allocator-size-gi-baking-worker=262144"
    "memorysetup-temp-allocator-size-gfx=262144"
Refreshing native plugins compatible for Editor in 148.86 ms, found 1 plugins.
Preloading 0 native plugins for Editor in 0.00 ms.
Initialize engine version: 2022.1.15f1 (42973686a05c)
[Subsystems] Discovering subsystems at path C:/Program Files/Unity/Hub/Editor/2022.1.15f1/Editor/Data/Resources/UnitySubsystems
[Subsystems] Discovering subsystems at path C:/Users/markt/Unity Games/DES 304 Light Gun Game/Light-Gun-Game/Assets
GfxDevice: creating device client; threaded=0; jobified=0
Direct3D:
    Version:  Direct3D 11.0 [level 11.1]
    Renderer: NVIDIA GeForce RTX 2070 with Max-Q Design (ID=0x1f14)
    Vendor:   NVIDIA
    VRAM:     8006 MB
    Driver:   32.0.15.6636
Initialize mono
Mono path[0] = 'C:/Program Files/Unity/Hub/Editor/2022.1.15f1/Editor/Data/Managed'
Mono path[1] = 'C:/Program Files/Unity/Hub/Editor/2022.1.15f1/Editor/Data/MonoBleedingEdge/lib/mono/unityjit-win32'
Mono config path = 'C:/Program Files/Unity/Hub/Editor/2022.1.15f1/Editor/Data/MonoBleedingEdge/etc'
Using monoOptions --debugger-agent=transport=dt_socket,embedding=1,server=y,suspend=n,address=127.0.0.1:56312
Begin MonoManager ReloadAssembly
Registering precompiled unity dll's ...
Register platform support module: C:/Program Files/Unity/Hub/Editor/2022.1.15f1/Editor/Data/PlaybackEngines/WindowsStandaloneSupport/UnityEditor.WindowsStandalone.Extensions.dll
Registered in 0.015037 seconds.
Native extension for WindowsStandalone target not found
Refreshing native plugins compatible for Editor in 109.49 ms, found 1 plugins.
Preloading 0 native plugins for Editor in 0.00 ms.
Mono: successfully reloaded assembly
- Completed reload, in  1.016 seconds
Domain Reload Profiling:
	ReloadAssembly (1017ms)
		BeginReloadAssembly (127ms)
			ExecutionOrderSort (0ms)
			DisableScriptedObjects (0ms)
			BackupInstance (0ms)
			ReleaseScriptingObjects (0ms)
			CreateAndSetChildDomain (1ms)
		EndReloadAssembly (709ms)
			LoadAssemblies (122ms)
			RebuildTransferFunctionScriptingTraits (0ms)
			SetupTypeCache (170ms)
				TypeCache.Initialize (169ms)
					TypeCache.ScanAssembly (167ms)
				ResolveRequiredComponents (1ms)
			ReleaseScriptCaches (0ms)
			RebuildScriptCaches (44ms)
			SetupLoadedEditorAssemblies (412ms)
				LogAssemblyErrors (0ms)
				InitializePlatformSupportModulesInManaged (13ms)
				SetLoadedEditorAssemblies (11ms)
				RefreshPlugins (110ms)
				BeforeProcessingInitializeOnLoad (2ms)
				ProcessInitializeOnLoadAttributes (206ms)
				ProcessInitializeOnLoadMethodAttributes (69ms)
				AfterProcessingInitializeOnLoad (0ms)
				EditorAssembliesLoaded (0ms)
			ExecutionOrderSort2 (0ms)
			AwakeInstancesAfterBackupRestoration (0ms)
Platform modules already initialized, skipping
Registering precompiled user dll's ...
Registered in 0.005846 seconds.
Begin MonoManager ReloadAssembly
Symbol file LoadedFromMemory doesn't match image C:\Users\markt\Unity Games\DES 304 Light Gun Game\Light-Gun-Game\Library\PackageCache\com.unity.visualscripting@1.7.8\Editor\VisualScripting.Core\Dependencies\YamlDotNet\Unity.VisualScripting.YamlDotNet.dll
Symbol file LoadedFromMemory doesn't match image C:\Users\markt\Unity Games\DES 304 Light Gun Game\Light-Gun-Game\Library\PackageCache\com.unity.visualscripting@1.7.8\Editor\VisualScripting.Core\Dependencies\DotNetZip\Unity.VisualScripting.IonicZip.dll
Native extension for WindowsStandalone target not found
Refreshing native plugins compatible for Editor in 0.58 ms, found 1 plugins.
Preloading 0 native plugins for Editor in 0.00 ms.
Mono: successfully reloaded assembly
- Completed reload, in  1.512 seconds
Domain Reload Profiling:
	ReloadAssembly (1513ms)
		BeginReloadAssembly (197ms)
			ExecutionOrderSort (0ms)
			DisableScriptedObjects (8ms)
			BackupInstance (0ms)
			ReleaseScriptingObjects (0ms)
			CreateAndSetChildDomain (27ms)
		EndReloadAssembly (1112ms)
			LoadAssemblies (139ms)
			RebuildTransferFunctionScriptingTraits (0ms)
			SetupTypeCache (365ms)
				TypeCache.Initialize (359ms)
					TypeCache.ScanAssembly (354ms)
				ResolveRequiredComponents (7ms)
			ReleaseScriptCaches (1ms)
			RebuildScriptCaches (76ms)
			SetupLoadedEditorAssemblies (460ms)
				LogAssemblyErrors (0ms)
				InitializePlatformSupportModulesInManaged (10ms)
				SetLoadedEditorAssemblies (10ms)
				RefreshPlugins (1ms)
				BeforeProcessingInitializeOnLoad (130ms)
				ProcessInitializeOnLoadAttributes (256ms)
				ProcessInitializeOnLoadMethodAttributes (33ms)
				AfterProcessingInitializeOnLoad (19ms)
				EditorAssembliesLoaded (0ms)
			ExecutionOrderSort2 (0ms)
			AwakeInstancesAfterBackupRestoration (9ms)
Platform modules already initialized, skipping
========================================================================
Worker process is ready to serve import requests
Launched and connected shader compiler UnityShaderCompiler.exe after 0.06 seconds
Refreshing native plugins compatible for Editor in 0.55 ms, found 1 plugins.
Preloading 0 native plugins for Editor in 0.00 ms.
Unloading 2902 Unused Serialized files (Serialized files now loaded: 0)
Unloading 28 unused Assets / (1.3 MB). Loaded Objects now: 3370.
Memory consumption went from 0.52 GB to 0.52 GB.
Total: 4.527900 ms (FindLiveObjects: 0.462600 ms CreateObjectMapping: 0.417900 ms MarkObjects: 3.326800 ms  DeleteObjects: 0.319100 ms)

AssetImportParameters requested are different than current active one (requested -> active):
  custom:video-decoder-ogg-theora: a1e56fd34408186e4bbccfd4996cb3dc -> 
  custom:container-muxer-webm: aa71ff27fc2769a1b78a27578f13a17b -> 
  custom:container-demuxer-webm: 4f35f7cbe854078d1ac9338744f61a02 -> 
  custom:video-encoder-webm-vp8: eb34c28f22e8b96e1ab97ce403110664 -> 
  custom:audio-encoder-webm-vorbis: bf7c407c2cedff20999df2af8eb42d56 -> 
  custom:framework-win-MediaFoundation: 216162199b28c13a410421893ffa2e32 -> 
  custom:container-demuxer-ogg: 62fdf1f143b41e24485cea50d1cbac27 -> 
  custom:video-decoder-webm-vp8: 9c59270c3fd7afecdb556c50c9e8de78 -> 
  custom:audio-decoder-ogg-vorbis: bf7c407c2cedff20999df2af8eb42d56 -> 
========================================================================
Received Import Request.
  Time since last request: 1745111.938969 seconds.
  path: Assets/3rd Party Stuff/Polygon-Lite Survival Collection/Models/SM_Large_Magazine_For_Army_Pistol.fbx
  artifactKey: Guid(ae0baeda56766ad408a1ebf8e3f8639b) Importer(815301076,1909f56bfc062723c751e8b465ee728b)
Start importing Assets/3rd Party Stuff/Polygon-Lite Survival Collection/Models/SM_Large_Magazine_For_Army_Pistol.fbx using Guid(ae0baeda56766ad408a1ebf8e3f8639b) Importer(815301076,1909f56bfc062723c751e8b465ee728b)  -> (artifact id: '2f69b925117348d3a7e836e66b70552e') in 0.280727 seconds 
========================================================================
Received Import Request.
  Time since last request: 0.000036 seconds.
  path: Assets/3rd Party Stuff/Polygon-Lite Survival Collection/Models/SM_Workbench.fbx
  artifactKey: Guid(a98078f2fd9a09b47adbff5711682518) Importer(815301076,1909f56bfc062723c751e8b465ee728b)
Start importing Assets/3rd Party Stuff/Polygon-Lite Survival Collection/Models/SM_Workbench.fbx using Guid(a98078f2fd9a09b47adbff5711682518) Importer(815301076,1909f56bfc062723c751e8b465ee728b)  -> (artifact id: '68985a04a64e8a6634a3c6637c9a1280') in 0.065218 seconds 
========================================================================
Received Import Request.
  Time since last request: 0.000038 seconds.
  path: Assets/3rd Party Stuff/Polygon-Lite Survival Collection/Models/SM_Pallet_01.fbx
  artifactKey: Guid(23812c7450364f348b94df111a8a6213) Importer(815301076,1909f56bfc062723c751e8b465ee728b)
Start importing Assets/3rd Party Stuff/Polygon-Lite Survival Collection/Models/SM_Pallet_01.fbx using Guid(23812c7450364f348b94df111a8a6213) Importer(815301076,1909f56bfc062723c751e8b465ee728b)  -> (artifact id: '5cececf06409d778f2bfef539ec77d32') in 0.057741 seconds 
========================================================================
Received Import Request.
  Time since last request: 0.000036 seconds.
  path: Assets/3rd Party Stuff/Polygon-Lite Survival Collection/Models/SM_Magazine_For_Army_Pistol_Empty.fbx
  artifactKey: Guid(1f9f83a8c0bf9e9498756f4454978095) Importer(815301076,1909f56bfc062723c751e8b465ee728b)
Start importing Assets/3rd Party Stuff/Polygon-Lite Survival Collection/Models/SM_Magazine_For_Army_Pistol_Empty.fbx using Guid(1f9f83a8c0bf9e9498756f4454978095) Importer(815301076,1909f56bfc062723c751e8b465ee728b)  -> (artifact id: 'ca3cfb8c3dfca2c432661fcbdec3af70') in 0.036345 seconds 
========================================================================
Received Import Request.
  Time since last request: 0.000035 seconds.
  path: Assets/3rd Party Stuff/Polygon-Lite Survival Collection/Models/SM_Sledgehammer.fbx
  artifactKey: Guid(e66d5815e4e8f524898a9293b5469855) Importer(815301076,1909f56bfc062723c751e8b465ee728b)
Start importing Assets/3rd Party Stuff/Polygon-Lite Survival Collection/Models/SM_Sledgehammer.fbx using Guid(e66d5815e4e8f524898a9293b5469855) Importer(815301076,1909f56bfc062723c751e8b465ee728b)  -> (artifact id: 'ee94f44808e5b3cbe19421732b2baa67') in 0.038609 seconds 
========================================================================
Received Import Request.
  Time since last request: 0.000033 seconds.
  path: Assets/3rd Party Stuff/Polygon-Lite Survival Collection/Models/SM_THREADS.fbx
  artifactKey: Guid(413a0409464fe4e49ade5c528420b4a1) Importer(815301076,1909f56bfc062723c751e8b465ee728b)
Start importing Assets/3rd Party Stuff/Polygon-Lite Survival Collection/Models/SM_THREADS.fbx using Guid(413a0409464fe4e49ade5c528420b4a1) Importer(815301076,1909f56bfc062723c751e8b465ee728b)  -> (artifact id: '866f583073d906fe56a8bc43572a006e') in 0.042326 seconds 
========================================================================
Received Import Request.
  Time since last request: 78.729658 seconds.
  path: Assets/3rd Party Stuff/Polygon-Lite Survival Collection/Prefabs/Apple_01.prefab
  artifactKey: Guid(6db7680dca4eb2748a7339cb3bc13d14) Importer(815301076,1909f56bfc062723c751e8b465ee728b)
Start importing Assets/3rd Party Stuff/Polygon-Lite Survival Collection/Prefabs/Apple_01.prefab using Guid(6db7680dca4eb2748a7339cb3bc13d14) Importer(815301076,1909f56bfc062723c751e8b465ee728b)  -> (artifact id: '6b1a8e09be5b7ab85d939a23251e27dc') in 0.029622 seconds 
========================================================================
Received Import Request.
  Time since last request: 9.388203 seconds.
  path: Assets/3rd Party Stuff/Polygon-Lite Survival Collection/Prefabs/Assembled_Tent_A.prefab
  artifactKey: Guid(101ee0da20ef7b248ab197efd648e171) Importer(815301076,1909f56bfc062723c751e8b465ee728b)
Start importing Assets/3rd Party Stuff/Polygon-Lite Survival Collection/Prefabs/Assembled_Tent_A.prefab using Guid(101ee0da20ef7b248ab197efd648e171) Importer(815301076,1909f56bfc062723c751e8b465ee728b)  -> (artifact id: 'dd6b8ccc92d388391cb42c7cc4e01e15') in 0.030758 seconds 
========================================================================
Received Import Request.
  Time since last request: 5.137278 seconds.
  path: Assets/3rd Party Stuff/Polygon-Lite Survival Collection/Prefabs/Bandage.prefab
  artifactKey: Guid(cc727501756aee741997efa9a175c317) Importer(815301076,1909f56bfc062723c751e8b465ee728b)
Start importing Assets/3rd Party Stuff/Polygon-Lite Survival Collection/Prefabs/Bandage.prefab using Guid(cc727501756aee741997efa9a175c317) Importer(815301076,1909f56bfc062723c751e8b465ee728b)  -> (artifact id: '3223aa564176f8c6464b4d2c7ef4acfb') in 0.031228 seconds 
========================================================================
Received Import Request.
  Time since last request: 0.000035 seconds.
  path: Assets/3rd Party Stuff/Polygon-Lite Survival Collection/Prefabs/Meat_01.prefab
  artifactKey: Guid(c6606374ad6058448b3ce4a22865ff19) Importer(815301076,1909f56bfc062723c751e8b465ee728b)
Start importing Assets/3rd Party Stuff/Polygon-Lite Survival Collection/Prefabs/Meat_01.prefab using Guid(c6606374ad6058448b3ce4a22865ff19) Importer(815301076,1909f56bfc062723c751e8b465ee728b)  -> (artifact id: '73c6bdb0d401f8dc81a0c69df4ee02c6') in 0.031846 seconds 
========================================================================
Received Import Request.
  Time since last request: 0.000041 seconds.
  path: Assets/3rd Party Stuff/Polygon-Lite Survival Collection/Prefabs/Canned_food_B_01.prefab
  artifactKey: Guid(4c22dade7f9c21b44b6cea88848f5e8d) Importer(815301076,1909f56bfc062723c751e8b465ee728b)
Start importing Assets/3rd Party Stuff/Polygon-Lite Survival Collection/Prefabs/Canned_food_B_01.prefab using Guid(4c22dade7f9c21b44b6cea88848f5e8d) Importer(815301076,1909f56bfc062723c751e8b465ee728b)  -> (artifact id: '2c59d76b7ef1997bd07047eb5ceb32cd') in 0.031962 seconds 
========================================================================
Received Import Request.
  Time since last request: 0.000035 seconds.
  path: Assets/3rd Party Stuff/Polygon-Lite Survival Collection/Prefabs/Homemade_Medical_Splint.prefab
  artifactKey: Guid(37476453262801641b9ba6c5a30a8098) Importer(815301076,1909f56bfc062723c751e8b465ee728b)
Start importing Assets/3rd Party Stuff/Polygon-Lite Survival Collection/Prefabs/Homemade_Medical_Splint.prefab using Guid(37476453262801641b9ba6c5a30a8098) Importer(815301076,1909f56bfc062723c751e8b465ee728b)  -> (artifact id: '12cb0dd252aa873cb8ad7195141146d2') in 0.031105 seconds 
========================================================================
Received Import Request.
  Time since last request: 1.403357 seconds.
  path: Assets/3rd Party Stuff/Polygon-Lite Survival Collection/Prefabs/SM_THREADS.prefab
  artifactKey: Guid(588b383dcb97f9941a82669bc9332319) Importer(815301076,1909f56bfc062723c751e8b465ee728b)
Start importing Assets/3rd Party Stuff/Polygon-Lite Survival Collection/Prefabs/SM_THREADS.prefab using Guid(588b383dcb97f9941a82669bc9332319) Importer(815301076,1909f56bfc062723c751e8b465ee728b)  -> (artifact id: '9d0a38ea6f9f34d4461174ade3fb024f') in 0.024915 seconds 
========================================================================
Received Import Request.
  Time since last request: 0.000024 seconds.
  path: Assets/3rd Party Stuff/Polygon-Lite Survival Collection/Prefabs/SM_Woods_03.prefab
  artifactKey: Guid(386272c2cd2daf040ade792158663725) Importer(815301076,1909f56bfc062723c751e8b465ee728b)
Start importing Assets/3rd Party Stuff/Polygon-Lite Survival Collection/Prefabs/SM_Woods_03.prefab using Guid(386272c2cd2daf040ade792158663725) Importer(815301076,1909f56bfc062723c751e8b465ee728b)  -> (artifact id: 'd585b711c648ca3f971a7f49bff08400') in 0.022980 seconds 
========================================================================
Received Import Request.
  Time since last request: 0.000032 seconds.
  path: Assets/3rd Party Stuff/Polygon-Lite Survival Collection/Prefabs/SM_Woods_02.prefab
  artifactKey: Guid(e59cb3c0308f45c4cac1274abf832b77) Importer(815301076,1909f56bfc062723c751e8b465ee728b)
Start importing Assets/3rd Party Stuff/Polygon-Lite Survival Collection/Prefabs/SM_Woods_02.prefab using Guid(e59cb3c0308f45c4cac1274abf832b77) Importer(815301076,1909f56bfc062723c751e8b465ee728b)  -> (artifact id: '135ee33d10bc4027280db271ba420024') in 0.024759 seconds 
========================================================================
Received Import Request.
  Time since last request: 0.000023 seconds.
  path: Assets/3rd Party Stuff/Polygon-Lite Survival Collection/Prefabs/Small_Canned_Food_C_03.prefab
  artifactKey: Guid(9406672675d366049a5cf427d4fe7332) Importer(815301076,1909f56bfc062723c751e8b465ee728b)
Start importing Assets/3rd Party Stuff/Polygon-Lite Survival Collection/Prefabs/Small_Canned_Food_C_03.prefab using Guid(9406672675d366049a5cf427d4fe7332) Importer(815301076,1909f56bfc062723c751e8b465ee728b)  -> (artifact id: 'cb0f1f22e5fbeaabd0daf078e51585d5') in 0.025265 seconds 
========================================================================
Received Import Request.
  Time since last request: 9.202642 seconds.
  path: Assets/3rd Party Stuff/Polygon-Lite Survival Collection/Prefabs/SM_Special_Submachine_Gun_Clean.prefab
  artifactKey: Guid(187759c9ac7a580459dc7f1e1756692c) Importer(815301076,1909f56bfc062723c751e8b465ee728b)
Start importing Assets/3rd Party Stuff/Polygon-Lite Survival Collection/Prefabs/SM_Special_Submachine_Gun_Clean.prefab using Guid(187759c9ac7a580459dc7f1e1756692c) Importer(815301076,1909f56bfc062723c751e8b465ee728b)  -> (artifact id: '81333b3509146c3978dd0ea602c20784') in 0.045358 seconds 
========================================================================
Received Import Request.
  Time since last request: 0.000045 seconds.
  path: Assets/3rd Party Stuff/Polygon-Lite Survival Collection/Prefabs/SM_Woods_03.prefab
  artifactKey: Guid(386272c2cd2daf040ade792158663725) Importer(815301076,1909f56bfc062723c751e8b465ee728b)
Start importing Assets/3rd Party Stuff/Polygon-Lite Survival Collection/Prefabs/SM_Woods_03.prefab using Guid(386272c2cd2daf040ade792158663725) Importer(815301076,1909f56bfc062723c751e8b465ee728b)  -> (artifact id: 'edbb7c636acfce2e5a413483a3aa41e2') in 0.021291 seconds 
========================================================================
Received Import Request.
  Time since last request: 0.000032 seconds.
  path: Assets/3rd Party Stuff/Polygon-Lite Survival Collection/Prefabs/SM_Woods_02.prefab
  artifactKey: Guid(e59cb3c0308f45c4cac1274abf832b77) Importer(815301076,1909f56bfc062723c751e8b465ee728b)
Start importing Assets/3rd Party Stuff/Polygon-Lite Survival Collection/Prefabs/SM_Woods_02.prefab using Guid(e59cb3c0308f45c4cac1274abf832b77) Importer(815301076,1909f56bfc062723c751e8b465ee728b)  -> (artifact id: 'e994981f6d473f6afe1a522a1fdb77c3') in 0.032137 seconds 
========================================================================
Received Import Request.
  Time since last request: 0.000035 seconds.
  path: Assets/3rd Party Stuff/Polygon-Lite Survival Collection/Prefabs/Small_Canned_Food_C_03.prefab
  artifactKey: Guid(9406672675d366049a5cf427d4fe7332) Importer(815301076,1909f56bfc062723c751e8b465ee728b)
Start importing Assets/3rd Party Stuff/Polygon-Lite Survival Collection/Prefabs/Small_Canned_Food_C_03.prefab using Guid(9406672675d366049a5cf427d4fe7332) Importer(815301076,1909f56bfc062723c751e8b465ee728b)  -> (artifact id: '24fdf37d4bd7b65858a1aefd1193b708') in 0.018939 seconds 
========================================================================
Received Import Request.
  Time since last request: 22.841036 seconds.
  path: Assets/3rd Party Stuff/Polygon-Lite Survival Collection/Prefabs/SM_Tactical_Block.prefab
  artifactKey: Guid(c90d4b87a9347fd43ad0fb549ee1f938) Importer(815301076,1909f56bfc062723c751e8b465ee728b)
Start importing Assets/3rd Party Stuff/Polygon-Lite Survival Collection/Prefabs/SM_Tactical_Block.prefab using Guid(c90d4b87a9347fd43ad0fb549ee1f938) Importer(815301076,1909f56bfc062723c751e8b465ee728b)  -> (artifact id: 'b854185f70657bef3996f95fc9ef079e') in 0.022572 seconds 
========================================================================
Received Import Request.
  Time since last request: 7.122017 seconds.
  path: Assets/3rd Party Stuff/Polygon-Lite Survival Collection/Prefabs/SM_Muzzle_Brake_Compensator_01.prefab
  artifactKey: Guid(be7edd9c916f8a048a7e416e583f354a) Importer(815301076,1909f56bfc062723c751e8b465ee728b)
Start importing Assets/3rd Party Stuff/Polygon-Lite Survival Collection/Prefabs/SM_Muzzle_Brake_Compensator_01.prefab using Guid(be7edd9c916f8a048a7e416e583f354a) Importer(815301076,1909f56bfc062723c751e8b465ee728b)  -> (artifact id: 'b652dffed1484abf47a99300bcbbb64e') in 0.028714 seconds 
========================================================================
Received Import Request.
  Time since last request: 0.000039 seconds.
  path: Assets/3rd Party Stuff/Polygon-Lite Survival Collection/Prefabs/SM_Scrap_Metal_01.prefab
  artifactKey: Guid(77ff5fc6b3b6f5a4cb0fe574d6726a93) Importer(815301076,1909f56bfc062723c751e8b465ee728b)
Start importing Assets/3rd Party Stuff/Polygon-Lite Survival Collection/Prefabs/SM_Scrap_Metal_01.prefab using Guid(77ff5fc6b3b6f5a4cb0fe574d6726a93) Importer(815301076,1909f56bfc062723c751e8b465ee728b)  -> (artifact id: '256293179c73a266b58cf8f4e3f162bc') in 0.022266 seconds 
========================================================================
Received Import Request.
  Time since last request: 0.000045 seconds.
  path: Assets/3rd Party Stuff/Polygon-Lite Survival Collection/Prefabs/SM_Scrap_Metal_03.prefab
  artifactKey: Guid(cc312fcfb332c8a45bd9691cbf391d16) Importer(815301076,1909f56bfc062723c751e8b465ee728b)
Start importing Assets/3rd Party Stuff/Polygon-Lite Survival Collection/Prefabs/SM_Scrap_Metal_03.prefab using Guid(cc312fcfb332c8a45bd9691cbf391d16) Importer(815301076,1909f56bfc062723c751e8b465ee728b)  -> (artifact id: 'b5d56ab10cf576fbff8358ae553c2a61') in 0.031376 seconds 
========================================================================
Received Import Request.
  Time since last request: 14.054274 seconds.
  path: Assets/3rd Party Stuff/Polygon-Lite Survival Collection/Prefabs/SM_Log_laying.prefab
  artifactKey: Guid(63a58d29feb4cf64081e1f4a8e1b6844) Importer(815301076,1909f56bfc062723c751e8b465ee728b)
Start importing Assets/3rd Party Stuff/Polygon-Lite Survival Collection/Prefabs/SM_Log_laying.prefab using Guid(63a58d29feb4cf64081e1f4a8e1b6844) Importer(815301076,1909f56bfc062723c751e8b465ee728b)  -> (artifact id: '9d3239e0afa26af9597965cbd3f2df2e') in 0.028160 seconds 
========================================================================
Received Import Request.
  Time since last request: 0.000034 seconds.
  path: Assets/3rd Party Stuff/Polygon-Lite Survival Collection/Prefabs/SM_Magazine_For_Special_Submachine_Gun.prefab
  artifactKey: Guid(eebf9633a5556074fa8426026d1c460f) Importer(815301076,1909f56bfc062723c751e8b465ee728b)
Start importing Assets/3rd Party Stuff/Polygon-Lite Survival Collection/Prefabs/SM_Magazine_For_Special_Submachine_Gun.prefab using Guid(eebf9633a5556074fa8426026d1c460f) Importer(815301076,1909f56bfc062723c751e8b465ee728b)  -> (artifact id: 'fee07caa11546879d2a55eaa88c6cd6a') in 0.025372 seconds 
========================================================================
Received Import Request.
  Time since last request: 8.213935 seconds.
  path: Assets/3rd Party Stuff/Polygon-Lite Survival Collection/Prefabs/SM_Large_Magazine_For_Army_Pistol.prefab
  artifactKey: Guid(e68efa9d411601746957290d91332127) Importer(815301076,1909f56bfc062723c751e8b465ee728b)
Start importing Assets/3rd Party Stuff/Polygon-Lite Survival Collection/Prefabs/SM_Large_Magazine_For_Army_Pistol.prefab using Guid(e68efa9d411601746957290d91332127) Importer(815301076,1909f56bfc062723c751e8b465ee728b)  -> (artifact id: '9f084601b632e358e1dd4db94a4567b7') in 0.025642 seconds 
Editor requested this worker to shutdown with reason: Scaling down because of idle timeout
AssetImportWorker is now disconnected from the server
Process exiting
Exiting without the bug reporter. Application will terminate with return code 0